2023-06-12 10:06:29,449 [Worker-1: Loading available Gradle versions] INFO  o.e.b.c.i.u.g.PublishedGradleVersions - Gradle version information cache is out-of-date. Trying to update.
2023-06-12 10:11:16,052 [Worker-14: Launching mavenrun-cb337a8e-b7ed-4141-9f04-c69907eaa356] INFO  o.eclipse.m2e.core.internal.Bundles - getClasspathEntries(Bundle=org.eclipse.m2e.maven.runtime_3.8.701.20230209-1606 [604])
2023-06-12 10:11:16,059 [Worker-14: Launching mavenrun-cb337a8e-b7ed-4141-9f04-c69907eaa356] INFO  o.eclipse.m2e.core.internal.Bundles - 	Entry: /Applications/Eclipse.app/Contents/Eclipse/plugins/org.eclipse.m2e.maven.runtime_3.8.701.20230209-1606
2023-06-12 10:11:16,060 [Worker-14: Launching mavenrun-cb337a8e-b7ed-4141-9f04-c69907eaa356] INFO  o.eclipse.m2e.core.internal.Bundles - 	Entry: /Applications/Eclipse.app/Contents/Eclipse/plugins/org.eclipse.m2e.maven.runtime_3.8.701.20230209-1606/jars/aether-connector-okhttp-0.17.8.jar
2023-06-12 10:11:16,061 [Worker-14: Launching mavenrun-cb337a8e-b7ed-4141-9f04-c69907eaa356] INFO  o.eclipse.m2e.core.internal.Bundles - 	Entry: /Applications/Eclipse.app/Contents/Eclipse/plugins/org.eclipse.m2e.maven.runtime_3.8.701.20230209-1606/jars/commons-lang3-3.8.1.jar
2023-06-12 10:11:16,061 [Worker-14: Launching mavenrun-cb337a8e-b7ed-4141-9f04-c69907eaa356] INFO  o.eclipse.m2e.core.internal.Bundles - 	Entry: /Applications/Eclipse.app/Contents/Eclipse/plugins/org.eclipse.m2e.maven.runtime_3.8.701.20230209-1606/jars/guice-4.2.2-no_aop.jar
2023-06-12 10:11:16,061 [Worker-14: Launching mavenrun-cb337a8e-b7ed-4141-9f04-c69907eaa356] INFO  o.eclipse.m2e.core.internal.Bundles - 	Entry: /Applications/Eclipse.app/Contents/Eclipse/plugins/org.eclipse.m2e.maven.runtime_3.8.701.20230209-1606/jars/jansi-2.4.0.jar
2023-06-12 10:11:16,061 [Worker-14: Launching mavenrun-cb337a8e-b7ed-4141-9f04-c69907eaa356] INFO  o.eclipse.m2e.core.internal.Bundles - 	Entry: /Applications/Eclipse.app/Contents/Eclipse/plugins/org.eclipse.m2e.maven.runtime_3.8.701.20230209-1606/jars/maven-artifact-3.8.7.jar
2023-06-12 10:11:16,061 [Worker-14: Launching mavenrun-cb337a8e-b7ed-4141-9f04-c69907eaa356] INFO  o.eclipse.m2e.core.internal.Bundles - 	Entry: /Applications/Eclipse.app/Contents/Eclipse/plugins/org.eclipse.m2e.maven.runtime_3.8.701.20230209-1606/jars/maven-builder-support-3.8.7.jar
2023-06-12 10:11:16,061 [Worker-14: Launching mavenrun-cb337a8e-b7ed-4141-9f04-c69907eaa356] INFO  o.eclipse.m2e.core.internal.Bundles - 	Entry: /Applications/Eclipse.app/Contents/Eclipse/plugins/org.eclipse.m2e.maven.runtime_3.8.701.20230209-1606/jars/maven-compat-3.8.7.jar
2023-06-12 10:11:16,061 [Worker-14: Launching mavenrun-cb337a8e-b7ed-4141-9f04-c69907eaa356] INFO  o.eclipse.m2e.core.internal.Bundles - 	Entry: /Applications/Eclipse.app/Contents/Eclipse/plugins/org.eclipse.m2e.maven.runtime_3.8.701.20230209-1606/jars/maven-core-3.8.7.jar
2023-06-12 10:11:16,061 [Worker-14: Launching mavenrun-cb337a8e-b7ed-4141-9f04-c69907eaa356] INFO  o.eclipse.m2e.core.internal.Bundles - 	Entry: /Applications/Eclipse.app/Contents/Eclipse/plugins/org.eclipse.m2e.maven.runtime_3.8.701.20230209-1606/jars/maven-embedder-3.8.7.jar
2023-06-12 10:11:16,062 [Worker-14: Launching mavenrun-cb337a8e-b7ed-4141-9f04-c69907eaa356] INFO  o.eclipse.m2e.core.internal.Bundles - 	Entry: /Applications/Eclipse.app/Contents/Eclipse/plugins/org.eclipse.m2e.maven.runtime_3.8.701.20230209-1606/jars/maven-model-3.8.7.jar
2023-06-12 10:11:16,062 [Worker-14: Launching mavenrun-cb337a8e-b7ed-4141-9f04-c69907eaa356] INFO  o.eclipse.m2e.core.internal.Bundles - 	Entry: /Applications/Eclipse.app/Contents/Eclipse/plugins/org.eclipse.m2e.maven.runtime_3.8.701.20230209-1606/jars/maven-model-builder-3.8.7.jar
2023-06-12 10:11:16,062 [Worker-14: Launching mavenrun-cb337a8e-b7ed-4141-9f04-c69907eaa356] INFO  o.eclipse.m2e.core.internal.Bundles - 	Entry: /Applications/Eclipse.app/Contents/Eclipse/plugins/org.eclipse.m2e.maven.runtime_3.8.701.20230209-1606/jars/maven-plugin-api-3.8.7.jar
2023-06-12 10:11:16,062 [Worker-14: Launching mavenrun-cb337a8e-b7ed-4141-9f04-c69907eaa356] INFO  o.eclipse.m2e.core.internal.Bundles - 	Entry: /Applications/Eclipse.app/Contents/Eclipse/plugins/org.eclipse.m2e.maven.runtime_3.8.701.20230209-1606/jars/maven-repository-metadata-3.8.7.jar
2023-06-12 10:11:16,062 [Worker-14: Launching mavenrun-cb337a8e-b7ed-4141-9f04-c69907eaa356] INFO  o.eclipse.m2e.core.internal.Bundles - 	Entry: /Applications/Eclipse.app/Contents/Eclipse/plugins/org.eclipse.m2e.maven.runtime_3.8.701.20230209-1606/jars/maven-resolver-api-1.6.3.jar
2023-06-12 10:11:16,062 [Worker-14: Launching mavenrun-cb337a8e-b7ed-4141-9f04-c69907eaa356] INFO  o.eclipse.m2e.core.internal.Bundles - 	Entry: /Applications/Eclipse.app/Contents/Eclipse/plugins/org.eclipse.m2e.maven.runtime_3.8.701.20230209-1606/jars/maven-resolver-connector-basic-1.6.3.jar
2023-06-12 10:11:16,062 [Worker-14: Launching mavenrun-cb337a8e-b7ed-4141-9f04-c69907eaa356] INFO  o.eclipse.m2e.core.internal.Bundles - 	Entry: /Applications/Eclipse.app/Contents/Eclipse/plugins/org.eclipse.m2e.maven.runtime_3.8.701.20230209-1606/jars/maven-resolver-impl-1.6.3.jar
2023-06-12 10:11:16,062 [Worker-14: Launching mavenrun-cb337a8e-b7ed-4141-9f04-c69907eaa356] INFO  o.eclipse.m2e.core.internal.Bundles - 	Entry: /Applications/Eclipse.app/Contents/Eclipse/plugins/org.eclipse.m2e.maven.runtime_3.8.701.20230209-1606/jars/maven-resolver-provider-3.8.7.jar
2023-06-12 10:11:16,062 [Worker-14: Launching mavenrun-cb337a8e-b7ed-4141-9f04-c69907eaa356] INFO  o.eclipse.m2e.core.internal.Bundles - 	Entry: /Applications/Eclipse.app/Contents/Eclipse/plugins/org.eclipse.m2e.maven.runtime_3.8.701.20230209-1606/jars/maven-resolver-spi-1.6.3.jar
2023-06-12 10:11:16,062 [Worker-14: Launching mavenrun-cb337a8e-b7ed-4141-9f04-c69907eaa356] INFO  o.eclipse.m2e.core.internal.Bundles - 	Entry: /Applications/Eclipse.app/Contents/Eclipse/plugins/org.eclipse.m2e.maven.runtime_3.8.701.20230209-1606/jars/maven-resolver-transport-wagon-1.6.3.jar
2023-06-12 10:11:16,062 [Worker-14: Launching mavenrun-cb337a8e-b7ed-4141-9f04-c69907eaa356] INFO  o.eclipse.m2e.core.internal.Bundles - 	Entry: /Applications/Eclipse.app/Contents/Eclipse/plugins/org.eclipse.m2e.maven.runtime_3.8.701.20230209-1606/jars/maven-resolver-util-1.6.3.jar
2023-06-12 10:11:16,063 [Worker-14: Launching mavenrun-cb337a8e-b7ed-4141-9f04-c69907eaa356] INFO  o.eclipse.m2e.core.internal.Bundles - 	Entry: /Applications/Eclipse.app/Contents/Eclipse/plugins/org.eclipse.m2e.maven.runtime_3.8.701.20230209-1606/jars/maven-settings-3.8.7.jar
2023-06-12 10:11:16,063 [Worker-14: Launching mavenrun-cb337a8e-b7ed-4141-9f04-c69907eaa356] INFO  o.eclipse.m2e.core.internal.Bundles - 	Entry: /Applications/Eclipse.app/Contents/Eclipse/plugins/org.eclipse.m2e.maven.runtime_3.8.701.20230209-1606/jars/maven-settings-builder-3.8.7.jar
2023-06-12 10:11:16,063 [Worker-14: Launching mavenrun-cb337a8e-b7ed-4141-9f04-c69907eaa356] INFO  o.eclipse.m2e.core.internal.Bundles - 	Entry: /Applications/Eclipse.app/Contents/Eclipse/plugins/org.eclipse.m2e.maven.runtime_3.8.701.20230209-1606/jars/maven-shared-utils-3.3.4.jar
2023-06-12 10:11:16,063 [Worker-14: Launching mavenrun-cb337a8e-b7ed-4141-9f04-c69907eaa356] INFO  o.eclipse.m2e.core.internal.Bundles - 	Entry: /Applications/Eclipse.app/Contents/Eclipse/plugins/org.eclipse.m2e.maven.runtime_3.8.701.20230209-1606/jars/okhttp-3.14.1.jar
2023-06-12 10:11:16,063 [Worker-14: Launching mavenrun-cb337a8e-b7ed-4141-9f04-c69907eaa356] INFO  o.eclipse.m2e.core.internal.Bundles - 	Entry: /Applications/Eclipse.app/Contents/Eclipse/plugins/org.eclipse.m2e.maven.runtime_3.8.701.20230209-1606/jars/okio-1.17.3.jar
2023-06-12 10:11:16,063 [Worker-14: Launching mavenrun-cb337a8e-b7ed-4141-9f04-c69907eaa356] INFO  o.eclipse.m2e.core.internal.Bundles - 	Entry: /Applications/Eclipse.app/Contents/Eclipse/plugins/org.eclipse.m2e.maven.runtime_3.8.701.20230209-1606/jars/org.eclipse.sisu.inject-0.3.5.jar
2023-06-12 10:11:16,063 [Worker-14: Launching mavenrun-cb337a8e-b7ed-4141-9f04-c69907eaa356] INFO  o.eclipse.m2e.core.internal.Bundles - 	Entry: /Applications/Eclipse.app/Contents/Eclipse/plugins/org.eclipse.m2e.maven.runtime_3.8.701.20230209-1606/jars/org.eclipse.sisu.plexus-0.3.5.jar
2023-06-12 10:11:16,063 [Worker-14: Launching mavenrun-cb337a8e-b7ed-4141-9f04-c69907eaa356] INFO  o.eclipse.m2e.core.internal.Bundles - 	Entry: /Applications/Eclipse.app/Contents/Eclipse/plugins/org.eclipse.m2e.maven.runtime_3.8.701.20230209-1606/jars/plexus-build-api-0.0.7.jar
2023-06-12 10:11:16,063 [Worker-14: Launching mavenrun-cb337a8e-b7ed-4141-9f04-c69907eaa356] INFO  o.eclipse.m2e.core.internal.Bundles - 	Entry: /Applications/Eclipse.app/Contents/Eclipse/plugins/org.eclipse.m2e.maven.runtime_3.8.701.20230209-1606/jars/plexus-cipher-2.0.jar
2023-06-12 10:11:16,063 [Worker-14: Launching mavenrun-cb337a8e-b7ed-4141-9f04-c69907eaa356] INFO  o.eclipse.m2e.core.internal.Bundles - 	Entry: /Applications/Eclipse.app/Contents/Eclipse/plugins/org.eclipse.m2e.maven.runtime_3.8.701.20230209-1606/jars/plexus-classworlds-2.6.0.jar
2023-06-12 10:11:16,063 [Worker-14: Launching mavenrun-cb337a8e-b7ed-4141-9f04-c69907eaa356] INFO  o.eclipse.m2e.core.internal.Bundles - 	Entry: /Applications/Eclipse.app/Contents/Eclipse/plugins/org.eclipse.m2e.maven.runtime_3.8.701.20230209-1606/jars/plexus-component-annotations-2.1.0.jar
2023-06-12 10:11:16,064 [Worker-14: Launching mavenrun-cb337a8e-b7ed-4141-9f04-c69907eaa356] INFO  o.eclipse.m2e.core.internal.Bundles - 	Entry: /Applications/Eclipse.app/Contents/Eclipse/plugins/org.eclipse.m2e.maven.runtime_3.8.701.20230209-1606/jars/plexus-interpolation-1.26.jar
2023-06-12 10:11:16,064 [Worker-14: Launching mavenrun-cb337a8e-b7ed-4141-9f04-c69907eaa356] INFO  o.eclipse.m2e.core.internal.Bundles - 	Entry: /Applications/Eclipse.app/Contents/Eclipse/plugins/org.eclipse.m2e.maven.runtime_3.8.701.20230209-1606/jars/plexus-sec-dispatcher-2.0.jar
2023-06-12 10:11:16,065 [Worker-14: Launching mavenrun-cb337a8e-b7ed-4141-9f04-c69907eaa356] INFO  o.eclipse.m2e.core.internal.Bundles - 	Entry: /Applications/Eclipse.app/Contents/Eclipse/plugins/org.eclipse.m2e.maven.runtime_3.8.701.20230209-1606/jars/plexus-utils-3.3.1.jar
2023-06-12 10:11:16,066 [Worker-14: Launching mavenrun-cb337a8e-b7ed-4141-9f04-c69907eaa356] INFO  o.eclipse.m2e.core.internal.Bundles - 	Entry: /Applications/Eclipse.app/Contents/Eclipse/plugins/org.eclipse.m2e.maven.runtime_3.8.701.20230209-1606/jars/wagon-file-3.5.3.jar
2023-06-12 10:11:16,066 [Worker-14: Launching mavenrun-cb337a8e-b7ed-4141-9f04-c69907eaa356] INFO  o.eclipse.m2e.core.internal.Bundles - 	Entry: /Applications/Eclipse.app/Contents/Eclipse/plugins/org.eclipse.m2e.maven.runtime_3.8.701.20230209-1606/jars/wagon-provider-api-3.5.3.jar
2023-06-12 10:11:16,067 [Worker-14: Launching mavenrun-cb337a8e-b7ed-4141-9f04-c69907eaa356] INFO  o.eclipse.m2e.core.internal.Bundles - getClasspathEntries(Bundle=com.google.guava_31.1.0.jre [11])
2023-06-12 10:11:16,068 [Worker-14: Launching mavenrun-cb337a8e-b7ed-4141-9f04-c69907eaa356] INFO  o.eclipse.m2e.core.internal.Bundles - 	Entry: /Applications/Eclipse.app/Contents/Eclipse/plugins/com.google.guava_31.1.0.jre.jar
2023-06-12 10:11:16,068 [Worker-14: Launching mavenrun-cb337a8e-b7ed-4141-9f04-c69907eaa356] INFO  o.eclipse.m2e.core.internal.Bundles - getClasspathEntries(Bundle=slf4j.api_1.7.36 [917])
2023-06-12 10:11:16,069 [Worker-14: Launching mavenrun-cb337a8e-b7ed-4141-9f04-c69907eaa356] INFO  o.eclipse.m2e.core.internal.Bundles - 	Entry: /Applications/Eclipse.app/Contents/Eclipse/plugins/slf4j.api_1.7.36.jar
2023-06-12 10:11:16,069 [Worker-14: Launching mavenrun-cb337a8e-b7ed-4141-9f04-c69907eaa356] INFO  o.eclipse.m2e.core.internal.Bundles - getClasspathEntries(Bundle=javax.inject_1.0.0.v20220405-0441 [35])
2023-06-12 10:11:16,071 [Worker-14: Launching mavenrun-cb337a8e-b7ed-4141-9f04-c69907eaa356] INFO  o.eclipse.m2e.core.internal.Bundles - 	Entry: /Applications/Eclipse.app/Contents/Eclipse/plugins/javax.inject_1.0.0.v20220405-0441.jar
2023-06-12 10:11:16,071 [Worker-14: Launching mavenrun-cb337a8e-b7ed-4141-9f04-c69907eaa356] INFO  o.eclipse.m2e.core.internal.Bundles - getClasspathEntries(Bundle=javax.annotation_1.3.5.v20221203-1659 [33])
2023-06-12 10:11:16,072 [Worker-14: Launching mavenrun-cb337a8e-b7ed-4141-9f04-c69907eaa356] INFO  o.eclipse.m2e.core.internal.Bundles - 	Entry: /Applications/Eclipse.app/Contents/Eclipse/plugins/javax.annotation_1.3.5.v20221203-1659.jar
2023-06-12 10:11:16,072 [Worker-14: Launching mavenrun-cb337a8e-b7ed-4141-9f04-c69907eaa356] INFO  o.eclipse.m2e.core.internal.Bundles - getClasspathEntries(Bundle=org.apache.commons.cli_1.4.0.v20221112-0806 [67])
2023-06-12 10:11:16,073 [Worker-14: Launching mavenrun-cb337a8e-b7ed-4141-9f04-c69907eaa356] INFO  o.eclipse.m2e.core.internal.Bundles - 	Entry: /Applications/Eclipse.app/Contents/Eclipse/plugins/org.apache.commons.cli_1.4.0.v20221112-0806.jar
2023-06-12 10:11:16,073 [Worker-14: Launching mavenrun-cb337a8e-b7ed-4141-9f04-c69907eaa356] INFO  o.eclipse.m2e.core.internal.Bundles - getClasspathEntries(Bundle=com.google.guava.failureaccess_1.0.1 [13])
2023-06-12 10:11:16,074 [Worker-14: Launching mavenrun-cb337a8e-b7ed-4141-9f04-c69907eaa356] INFO  o.eclipse.m2e.core.internal.Bundles - 	Entry: /Applications/Eclipse.app/Contents/Eclipse/plugins/com.google.guava.failureaccess_1.0.1.jar
2023-06-12 10:11:16,080 [Worker-14: Launching mavenrun-cb337a8e-b7ed-4141-9f04-c69907eaa356] INFO  o.e.m.i.launch.MavenLaunchDelegate - Run build in "/var/folders/5q/689fk8b52t944dn8_hk5q52c0000gn/T/m2e-archetypeGenerator16104382125159144406":
2023-06-12 10:11:16,083 [Worker-14: Launching mavenrun-cb337a8e-b7ed-4141-9f04-c69907eaa356] INFO  o.e.m.i.launch.MavenLaunchDelegate -  mvn  -DarchetypeGroupId=org.apache.maven.archetypes -DarchetypeArtifactId=maven-archetype-quickstart -DarchetypeVersion=1.4 -DgroupId=com.sample2 -DartifactId=com.sample2 -Dversion=0.0.1-SNAPSHOT -Dpackage=com.sample2.com.sample2 -DoutputDirectory=/Users/juan/code/skillsoft/full-stack-java-developer/devops-basics/jenkins-testing-continuous-integration -Dstyle.color=always -U archetype:generate
2023-06-12 10:11:38,856 [Worker-3: Creating maven-archetype-quickstart] INFO  o.e.m.c.i.p.ProjectConfigurationManager - Collecting project info '/pom.xml' /Users/juan/code/skillsoft/full-stack-java-developer/devops-basics/jenkins-testing-continuous-integration/com.sample2/pom.xml
2023-06-12 10:11:39,362 [Worker-3: Creating maven-archetype-quickstart] INFO  o.e.m.c.i.l.LifecycleMappingFactory - Using org.eclipse.m2e.jdt.JarLifecycleMapping lifecycle mapping for MavenProject: com.sample2:com.sample2:0.0.1-SNAPSHOT @ /Users/juan/code/skillsoft/full-stack-java-developer/devops-basics/jenkins-testing-continuous-integration/com.sample2/pom.xml.
2023-06-12 10:11:39,757 [Worker-3: Creating maven-archetype-quickstart] INFO  o.e.m.j.i.AbstractJavaProjectConfigurator - Adding source folder /com.sample2/src/main/java
2023-06-12 10:11:39,759 [Worker-3: Creating maven-archetype-quickstart] INFO  o.e.m.j.i.AbstractJavaProjectConfigurator - Adding source folder /com.sample2/src/test/java
2023-06-12 10:11:39,834 [Worker-3: Creating maven-archetype-quickstart] INFO  o.e.m.c.i.p.ProjectConfigurationManager - Imported and configured 1 project(s) in 0 sec
2023-06-12 10:11:40,660 [Worker-3: Building] INFO  o.e.m.c.i.embedder.EclipseLogger - Using 'UTF-8' encoding to copy filtered resources.
2023-06-12 10:11:40,660 [Worker-3: Building] INFO  o.e.m.c.i.embedder.EclipseLogger - skip non existing resourceDirectory /Users/juan/code/skillsoft/full-stack-java-developer/devops-basics/jenkins-testing-continuous-integration/com.sample2/src/main/resources
2023-06-12 10:11:40,663 [Worker-3: Building] INFO  o.e.m.c.i.embedder.EclipseLogger - Using 'UTF-8' encoding to copy filtered resources.
2023-06-12 10:11:40,663 [Worker-3: Building] INFO  o.e.m.c.i.embedder.EclipseLogger - skip non existing resourceDirectory /Users/juan/code/skillsoft/full-stack-java-developer/devops-basics/jenkins-testing-continuous-integration/com.sample2/src/test/resources
2023-06-12 10:16:01,601 [Worker-22: Building] INFO  o.e.m.c.i.embedder.EclipseLogger - Using 'UTF-8' encoding to copy filtered resources.
2023-06-12 10:16:01,602 [Worker-22: Building] INFO  o.e.m.c.i.embedder.EclipseLogger - skip non existing resourceDirectory /Users/juan/code/skillsoft/full-stack-java-developer/devops-basics/jenkins-testing-continuous-integration/com.sample2/src/main/resources
2023-06-12 10:16:01,604 [Worker-22: Building] INFO  o.e.m.c.i.embedder.EclipseLogger - Using 'UTF-8' encoding to copy filtered resources.
2023-06-12 10:16:01,604 [Worker-22: Building] INFO  o.e.m.c.i.embedder.EclipseLogger - skip non existing resourceDirectory /Users/juan/code/skillsoft/full-stack-java-developer/devops-basics/jenkins-testing-continuous-integration/com.sample2/src/test/resources
2023-06-12 11:33:56,623 [Worker-1: Loading available Gradle versions] INFO  o.e.b.c.i.u.g.PublishedGradleVersions - Gradle version information cache is up-to-date. Trying to read.
2023-06-12 11:39:54,471 [Worker-18: Launching mavenrun-4c8e78a8-88b1-4d0f-bce8-3ec444fee018] INFO  o.eclipse.m2e.core.internal.Bundles - getClasspathEntries(Bundle=org.eclipse.m2e.maven.runtime_3.8.701.20230209-1606 [604])
2023-06-12 11:39:54,481 [Worker-18: Launching mavenrun-4c8e78a8-88b1-4d0f-bce8-3ec444fee018] INFO  o.eclipse.m2e.core.internal.Bundles - 	Entry: /Applications/Eclipse.app/Contents/Eclipse/plugins/org.eclipse.m2e.maven.runtime_3.8.701.20230209-1606
2023-06-12 11:39:54,481 [Worker-18: Launching mavenrun-4c8e78a8-88b1-4d0f-bce8-3ec444fee018] INFO  o.eclipse.m2e.core.internal.Bundles - 	Entry: /Applications/Eclipse.app/Contents/Eclipse/plugins/org.eclipse.m2e.maven.runtime_3.8.701.20230209-1606/jars/aether-connector-okhttp-0.17.8.jar
2023-06-12 11:39:54,481 [Worker-18: Launching mavenrun-4c8e78a8-88b1-4d0f-bce8-3ec444fee018] INFO  o.eclipse.m2e.core.internal.Bundles - 	Entry: /Applications/Eclipse.app/Contents/Eclipse/plugins/org.eclipse.m2e.maven.runtime_3.8.701.20230209-1606/jars/commons-lang3-3.8.1.jar
2023-06-12 11:39:54,481 [Worker-18: Launching mavenrun-4c8e78a8-88b1-4d0f-bce8-3ec444fee018] INFO  o.eclipse.m2e.core.internal.Bundles - 	Entry: /Applications/Eclipse.app/Contents/Eclipse/plugins/org.eclipse.m2e.maven.runtime_3.8.701.20230209-1606/jars/guice-4.2.2-no_aop.jar
2023-06-12 11:39:54,481 [Worker-18: Launching mavenrun-4c8e78a8-88b1-4d0f-bce8-3ec444fee018] INFO  o.eclipse.m2e.core.internal.Bundles - 	Entry: /Applications/Eclipse.app/Contents/Eclipse/plugins/org.eclipse.m2e.maven.runtime_3.8.701.20230209-1606/jars/jansi-2.4.0.jar
2023-06-12 11:39:54,481 [Worker-18: Launching mavenrun-4c8e78a8-88b1-4d0f-bce8-3ec444fee018] INFO  o.eclipse.m2e.core.internal.Bundles - 	Entry: /Applications/Eclipse.app/Contents/Eclipse/plugins/org.eclipse.m2e.maven.runtime_3.8.701.20230209-1606/jars/maven-artifact-3.8.7.jar
2023-06-12 11:39:54,482 [Worker-18: Launching mavenrun-4c8e78a8-88b1-4d0f-bce8-3ec444fee018] INFO  o.eclipse.m2e.core.internal.Bundles - 	Entry: /Applications/Eclipse.app/Contents/Eclipse/plugins/org.eclipse.m2e.maven.runtime_3.8.701.20230209-1606/jars/maven-builder-support-3.8.7.jar
2023-06-12 11:39:54,482 [Worker-18: Launching mavenrun-4c8e78a8-88b1-4d0f-bce8-3ec444fee018] INFO  o.eclipse.m2e.core.internal.Bundles - 	Entry: /Applications/Eclipse.app/Contents/Eclipse/plugins/org.eclipse.m2e.maven.runtime_3.8.701.20230209-1606/jars/maven-compat-3.8.7.jar
2023-06-12 11:39:54,482 [Worker-18: Launching mavenrun-4c8e78a8-88b1-4d0f-bce8-3ec444fee018] INFO  o.eclipse.m2e.core.internal.Bundles - 	Entry: /Applications/Eclipse.app/Contents/Eclipse/plugins/org.eclipse.m2e.maven.runtime_3.8.701.20230209-1606/jars/maven-core-3.8.7.jar
2023-06-12 11:39:54,482 [Worker-18: Launching mavenrun-4c8e78a8-88b1-4d0f-bce8-3ec444fee018] INFO  o.eclipse.m2e.core.internal.Bundles - 	Entry: /Applications/Eclipse.app/Contents/Eclipse/plugins/org.eclipse.m2e.maven.runtime_3.8.701.20230209-1606/jars/maven-embedder-3.8.7.jar
2023-06-12 11:39:54,482 [Worker-18: Launching mavenrun-4c8e78a8-88b1-4d0f-bce8-3ec444fee018] INFO  o.eclipse.m2e.core.internal.Bundles - 	Entry: /Applications/Eclipse.app/Contents/Eclipse/plugins/org.eclipse.m2e.maven.runtime_3.8.701.20230209-1606/jars/maven-model-3.8.7.jar
2023-06-12 11:39:54,482 [Worker-18: Launching mavenrun-4c8e78a8-88b1-4d0f-bce8-3ec444fee018] INFO  o.eclipse.m2e.core.internal.Bundles - 	Entry: /Applications/Eclipse.app/Contents/Eclipse/plugins/org.eclipse.m2e.maven.runtime_3.8.701.20230209-1606/jars/maven-model-builder-3.8.7.jar
2023-06-12 11:39:54,482 [Worker-18: Launching mavenrun-4c8e78a8-88b1-4d0f-bce8-3ec444fee018] INFO  o.eclipse.m2e.core.internal.Bundles - 	Entry: /Applications/Eclipse.app/Contents/Eclipse/plugins/org.eclipse.m2e.maven.runtime_3.8.701.20230209-1606/jars/maven-plugin-api-3.8.7.jar
2023-06-12 11:39:54,482 [Worker-18: Launching mavenrun-4c8e78a8-88b1-4d0f-bce8-3ec444fee018] INFO  o.eclipse.m2e.core.internal.Bundles - 	Entry: /Applications/Eclipse.app/Contents/Eclipse/plugins/org.eclipse.m2e.maven.runtime_3.8.701.20230209-1606/jars/maven-repository-metadata-3.8.7.jar
2023-06-12 11:39:54,482 [Worker-18: Launching mavenrun-4c8e78a8-88b1-4d0f-bce8-3ec444fee018] INFO  o.eclipse.m2e.core.internal.Bundles - 	Entry: /Applications/Eclipse.app/Contents/Eclipse/plugins/org.eclipse.m2e.maven.runtime_3.8.701.20230209-1606/jars/maven-resolver-api-1.6.3.jar
2023-06-12 11:39:54,482 [Worker-18: Launching mavenrun-4c8e78a8-88b1-4d0f-bce8-3ec444fee018] INFO  o.eclipse.m2e.core.internal.Bundles - 	Entry: /Applications/Eclipse.app/Contents/Eclipse/plugins/org.eclipse.m2e.maven.runtime_3.8.701.20230209-1606/jars/maven-resolver-connector-basic-1.6.3.jar
2023-06-12 11:39:54,482 [Worker-18: Launching mavenrun-4c8e78a8-88b1-4d0f-bce8-3ec444fee018] INFO  o.eclipse.m2e.core.internal.Bundles - 	Entry: /Applications/Eclipse.app/Contents/Eclipse/plugins/org.eclipse.m2e.maven.runtime_3.8.701.20230209-1606/jars/maven-resolver-impl-1.6.3.jar
2023-06-12 11:39:54,482 [Worker-18: Launching mavenrun-4c8e78a8-88b1-4d0f-bce8-3ec444fee018] INFO  o.eclipse.m2e.core.internal.Bundles - 	Entry: /Applications/Eclipse.app/Contents/Eclipse/plugins/org.eclipse.m2e.maven.runtime_3.8.701.20230209-1606/jars/maven-resolver-provider-3.8.7.jar
2023-06-12 11:39:54,483 [Worker-18: Launching mavenrun-4c8e78a8-88b1-4d0f-bce8-3ec444fee018] INFO  o.eclipse.m2e.core.internal.Bundles - 	Entry: /Applications/Eclipse.app/Contents/Eclipse/plugins/org.eclipse.m2e.maven.runtime_3.8.701.20230209-1606/jars/maven-resolver-spi-1.6.3.jar
2023-06-12 11:39:54,483 [Worker-18: Launching mavenrun-4c8e78a8-88b1-4d0f-bce8-3ec444fee018] INFO  o.eclipse.m2e.core.internal.Bundles - 	Entry: /Applications/Eclipse.app/Contents/Eclipse/plugins/org.eclipse.m2e.maven.runtime_3.8.701.20230209-1606/jars/maven-resolver-transport-wagon-1.6.3.jar
2023-06-12 11:39:54,483 [Worker-18: Launching mavenrun-4c8e78a8-88b1-4d0f-bce8-3ec444fee018] INFO  o.eclipse.m2e.core.internal.Bundles - 	Entry: /Applications/Eclipse.app/Contents/Eclipse/plugins/org.eclipse.m2e.maven.runtime_3.8.701.20230209-1606/jars/maven-resolver-util-1.6.3.jar
2023-06-12 11:39:54,483 [Worker-18: Launching mavenrun-4c8e78a8-88b1-4d0f-bce8-3ec444fee018] INFO  o.eclipse.m2e.core.internal.Bundles - 	Entry: /Applications/Eclipse.app/Contents/Eclipse/plugins/org.eclipse.m2e.maven.runtime_3.8.701.20230209-1606/jars/maven-settings-3.8.7.jar
2023-06-12 11:39:54,483 [Worker-18: Launching mavenrun-4c8e78a8-88b1-4d0f-bce8-3ec444fee018] INFO  o.eclipse.m2e.core.internal.Bundles - 	Entry: /Applications/Eclipse.app/Contents/Eclipse/plugins/org.eclipse.m2e.maven.runtime_3.8.701.20230209-1606/jars/maven-settings-builder-3.8.7.jar
2023-06-12 11:39:54,483 [Worker-18: Launching mavenrun-4c8e78a8-88b1-4d0f-bce8-3ec444fee018] INFO  o.eclipse.m2e.core.internal.Bundles - 	Entry: /Applications/Eclipse.app/Contents/Eclipse/plugins/org.eclipse.m2e.maven.runtime_3.8.701.20230209-1606/jars/maven-shared-utils-3.3.4.jar
2023-06-12 11:39:54,483 [Worker-18: Launching mavenrun-4c8e78a8-88b1-4d0f-bce8-3ec444fee018] INFO  o.eclipse.m2e.core.internal.Bundles - 	Entry: /Applications/Eclipse.app/Contents/Eclipse/plugins/org.eclipse.m2e.maven.runtime_3.8.701.20230209-1606/jars/okhttp-3.14.1.jar
2023-06-12 11:39:54,483 [Worker-18: Launching mavenrun-4c8e78a8-88b1-4d0f-bce8-3ec444fee018] INFO  o.eclipse.m2e.core.internal.Bundles - 	Entry: /Applications/Eclipse.app/Contents/Eclipse/plugins/org.eclipse.m2e.maven.runtime_3.8.701.20230209-1606/jars/okio-1.17.3.jar
2023-06-12 11:39:54,483 [Worker-18: Launching mavenrun-4c8e78a8-88b1-4d0f-bce8-3ec444fee018] INFO  o.eclipse.m2e.core.internal.Bundles - 	Entry: /Applications/Eclipse.app/Contents/Eclipse/plugins/org.eclipse.m2e.maven.runtime_3.8.701.20230209-1606/jars/org.eclipse.sisu.inject-0.3.5.jar
2023-06-12 11:39:54,483 [Worker-18: Launching mavenrun-4c8e78a8-88b1-4d0f-bce8-3ec444fee018] INFO  o.eclipse.m2e.core.internal.Bundles - 	Entry: /Applications/Eclipse.app/Contents/Eclipse/plugins/org.eclipse.m2e.maven.runtime_3.8.701.20230209-1606/jars/org.eclipse.sisu.plexus-0.3.5.jar
2023-06-12 11:39:54,483 [Worker-18: Launching mavenrun-4c8e78a8-88b1-4d0f-bce8-3ec444fee018] INFO  o.eclipse.m2e.core.internal.Bundles - 	Entry: /Applications/Eclipse.app/Contents/Eclipse/plugins/org.eclipse.m2e.maven.runtime_3.8.701.20230209-1606/jars/plexus-build-api-0.0.7.jar
2023-06-12 11:39:54,483 [Worker-18: Launching mavenrun-4c8e78a8-88b1-4d0f-bce8-3ec444fee018] INFO  o.eclipse.m2e.core.internal.Bundles - 	Entry: /Applications/Eclipse.app/Contents/Eclipse/plugins/org.eclipse.m2e.maven.runtime_3.8.701.20230209-1606/jars/plexus-cipher-2.0.jar
2023-06-12 11:39:54,484 [Worker-18: Launching mavenrun-4c8e78a8-88b1-4d0f-bce8-3ec444fee018] INFO  o.eclipse.m2e.core.internal.Bundles - 	Entry: /Applications/Eclipse.app/Contents/Eclipse/plugins/org.eclipse.m2e.maven.runtime_3.8.701.20230209-1606/jars/plexus-classworlds-2.6.0.jar
2023-06-12 11:39:54,484 [Worker-18: Launching mavenrun-4c8e78a8-88b1-4d0f-bce8-3ec444fee018] INFO  o.eclipse.m2e.core.internal.Bundles - 	Entry: /Applications/Eclipse.app/Contents/Eclipse/plugins/org.eclipse.m2e.maven.runtime_3.8.701.20230209-1606/jars/plexus-component-annotations-2.1.0.jar
2023-06-12 11:39:54,484 [Worker-18: Launching mavenrun-4c8e78a8-88b1-4d0f-bce8-3ec444fee018] INFO  o.eclipse.m2e.core.internal.Bundles - 	Entry: /Applications/Eclipse.app/Contents/Eclipse/plugins/org.eclipse.m2e.maven.runtime_3.8.701.20230209-1606/jars/plexus-interpolation-1.26.jar
2023-06-12 11:39:54,484 [Worker-18: Launching mavenrun-4c8e78a8-88b1-4d0f-bce8-3ec444fee018] INFO  o.eclipse.m2e.core.internal.Bundles - 	Entry: /Applications/Eclipse.app/Contents/Eclipse/plugins/org.eclipse.m2e.maven.runtime_3.8.701.20230209-1606/jars/plexus-sec-dispatcher-2.0.jar
2023-06-12 11:39:54,484 [Worker-18: Launching mavenrun-4c8e78a8-88b1-4d0f-bce8-3ec444fee018] INFO  o.eclipse.m2e.core.internal.Bundles - 	Entry: /Applications/Eclipse.app/Contents/Eclipse/plugins/org.eclipse.m2e.maven.runtime_3.8.701.20230209-1606/jars/plexus-utils-3.3.1.jar
2023-06-12 11:39:54,484 [Worker-18: Launching mavenrun-4c8e78a8-88b1-4d0f-bce8-3ec444fee018] INFO  o.eclipse.m2e.core.internal.Bundles - 	Entry: /Applications/Eclipse.app/Contents/Eclipse/plugins/org.eclipse.m2e.maven.runtime_3.8.701.20230209-1606/jars/wagon-file-3.5.3.jar
2023-06-12 11:39:54,484 [Worker-18: Launching mavenrun-4c8e78a8-88b1-4d0f-bce8-3ec444fee018] INFO  o.eclipse.m2e.core.internal.Bundles - 	Entry: /Applications/Eclipse.app/Contents/Eclipse/plugins/org.eclipse.m2e.maven.runtime_3.8.701.20230209-1606/jars/wagon-provider-api-3.5.3.jar
2023-06-12 11:39:54,485 [Worker-18: Launching mavenrun-4c8e78a8-88b1-4d0f-bce8-3ec444fee018] INFO  o.eclipse.m2e.core.internal.Bundles - getClasspathEntries(Bundle=com.google.guava_31.1.0.jre [11])
2023-06-12 11:39:54,488 [Worker-18: Launching mavenrun-4c8e78a8-88b1-4d0f-bce8-3ec444fee018] INFO  o.eclipse.m2e.core.internal.Bundles - 	Entry: /Applications/Eclipse.app/Contents/Eclipse/plugins/com.google.guava_31.1.0.jre.jar
2023-06-12 11:39:54,488 [Worker-18: Launching mavenrun-4c8e78a8-88b1-4d0f-bce8-3ec444fee018] INFO  o.eclipse.m2e.core.internal.Bundles - getClasspathEntries(Bundle=slf4j.api_1.7.36 [917])
2023-06-12 11:39:54,492 [Worker-18: Launching mavenrun-4c8e78a8-88b1-4d0f-bce8-3ec444fee018] INFO  o.eclipse.m2e.core.internal.Bundles - 	Entry: /Applications/Eclipse.app/Contents/Eclipse/plugins/slf4j.api_1.7.36.jar
2023-06-12 11:39:54,492 [Worker-18: Launching mavenrun-4c8e78a8-88b1-4d0f-bce8-3ec444fee018] INFO  o.eclipse.m2e.core.internal.Bundles - getClasspathEntries(Bundle=javax.inject_1.0.0.v20220405-0441 [35])
2023-06-12 11:39:54,493 [Worker-18: Launching mavenrun-4c8e78a8-88b1-4d0f-bce8-3ec444fee018] INFO  o.eclipse.m2e.core.internal.Bundles - 	Entry: /Applications/Eclipse.app/Contents/Eclipse/plugins/javax.inject_1.0.0.v20220405-0441.jar
2023-06-12 11:39:54,494 [Worker-18: Launching mavenrun-4c8e78a8-88b1-4d0f-bce8-3ec444fee018] INFO  o.eclipse.m2e.core.internal.Bundles - getClasspathEntries(Bundle=javax.annotation_1.3.5.v20221203-1659 [33])
2023-06-12 11:39:54,501 [Worker-18: Launching mavenrun-4c8e78a8-88b1-4d0f-bce8-3ec444fee018] INFO  o.eclipse.m2e.core.internal.Bundles - 	Entry: /Applications/Eclipse.app/Contents/Eclipse/plugins/javax.annotation_1.3.5.v20221203-1659.jar
2023-06-12 11:39:54,501 [Worker-18: Launching mavenrun-4c8e78a8-88b1-4d0f-bce8-3ec444fee018] INFO  o.eclipse.m2e.core.internal.Bundles - getClasspathEntries(Bundle=org.apache.commons.cli_1.4.0.v20221112-0806 [67])
2023-06-12 11:39:54,506 [Worker-18: Launching mavenrun-4c8e78a8-88b1-4d0f-bce8-3ec444fee018] INFO  o.eclipse.m2e.core.internal.Bundles - 	Entry: /Applications/Eclipse.app/Contents/Eclipse/plugins/org.apache.commons.cli_1.4.0.v20221112-0806.jar
2023-06-12 11:39:54,506 [Worker-18: Launching mavenrun-4c8e78a8-88b1-4d0f-bce8-3ec444fee018] INFO  o.eclipse.m2e.core.internal.Bundles - getClasspathEntries(Bundle=com.google.guava.failureaccess_1.0.1 [13])
2023-06-12 11:39:54,510 [Worker-18: Launching mavenrun-4c8e78a8-88b1-4d0f-bce8-3ec444fee018] INFO  o.eclipse.m2e.core.internal.Bundles - 	Entry: /Applications/Eclipse.app/Contents/Eclipse/plugins/com.google.guava.failureaccess_1.0.1.jar
2023-06-12 11:39:54,513 [Worker-18: Launching mavenrun-4c8e78a8-88b1-4d0f-bce8-3ec444fee018] INFO  o.e.m.i.launch.MavenLaunchDelegate - Run build in "/var/folders/5q/689fk8b52t944dn8_hk5q52c0000gn/T/m2e-archetypeGenerator14057894151397920156":
2023-06-12 11:39:54,519 [Worker-18: Launching mavenrun-4c8e78a8-88b1-4d0f-bce8-3ec444fee018] INFO  o.e.m.i.launch.MavenLaunchDelegate -  mvn  -DarchetypeGroupId=org.apache.maven.archetypes -DarchetypeArtifactId=maven-archetype-quickstart -DarchetypeVersion=1.4 -DgroupId=com.sample3 -DartifactId=com.sample3 -Dversion=0.0.1-SNAPSHOT -Dpackage=com.sample3.com.sample3 -DoutputDirectory=/Users/juan/code/skillsoft/full-stack-java-developer/devops-basics/jenkins-testing-continuous-integration -Dstyle.color=always -U archetype:generate
2023-06-12 11:40:13,226 [Worker-16: Creating maven-archetype-quickstart] INFO  o.e.m.c.i.p.ProjectConfigurationManager - Collecting project info '/pom.xml' /Users/juan/code/skillsoft/full-stack-java-developer/devops-basics/jenkins-testing-continuous-integration/com.sample3/pom.xml
2023-06-12 11:40:13,752 [Worker-16: Creating maven-archetype-quickstart] INFO  o.e.m.c.i.l.LifecycleMappingFactory - Using org.eclipse.m2e.jdt.JarLifecycleMapping lifecycle mapping for MavenProject: com.sample3:com.sample3:0.0.1-SNAPSHOT @ /Users/juan/code/skillsoft/full-stack-java-developer/devops-basics/jenkins-testing-continuous-integration/com.sample3/pom.xml.
2023-06-12 11:40:14,125 [Worker-16: Creating maven-archetype-quickstart] INFO  o.e.m.j.i.AbstractJavaProjectConfigurator - Adding source folder /com.sample3/src/main/java
2023-06-12 11:40:14,127 [Worker-16: Creating maven-archetype-quickstart] INFO  o.e.m.j.i.AbstractJavaProjectConfigurator - Adding source folder /com.sample3/src/test/java
2023-06-12 11:40:14,179 [Worker-16: Creating maven-archetype-quickstart] INFO  o.e.m.c.i.p.ProjectConfigurationManager - Imported and configured 1 project(s) in 0 sec
2023-06-12 11:40:14,733 [Worker-23: Building] INFO  o.e.m.c.i.embedder.EclipseLogger - Using 'UTF-8' encoding to copy filtered resources.
2023-06-12 11:40:14,733 [Worker-23: Building] INFO  o.e.m.c.i.embedder.EclipseLogger - skip non existing resourceDirectory /Users/juan/code/skillsoft/full-stack-java-developer/devops-basics/jenkins-testing-continuous-integration/com.sample3/src/main/resources
2023-06-12 11:40:14,736 [Worker-23: Building] INFO  o.e.m.c.i.embedder.EclipseLogger - Using 'UTF-8' encoding to copy filtered resources.
2023-06-12 11:40:14,736 [Worker-23: Building] INFO  o.e.m.c.i.embedder.EclipseLogger - skip non existing resourceDirectory /Users/juan/code/skillsoft/full-stack-java-developer/devops-basics/jenkins-testing-continuous-integration/com.sample3/src/test/resources
2023-06-12 12:20:08,530 [Worker-6: Loading available Gradle versions] INFO  o.e.b.c.i.u.g.PublishedGradleVersions - Gradle version information cache is up-to-date. Trying to read.
2023-06-12 15:06:34,677 [Worker-40: Launching mavenrun-4ab397cf-2e27-4868-9f89-6100f8334a42] INFO  o.eclipse.m2e.core.internal.Bundles - getClasspathEntries(Bundle=org.eclipse.m2e.maven.runtime_3.8.701.20230209-1606 [604])
2023-06-12 15:06:34,687 [Worker-40: Launching mavenrun-4ab397cf-2e27-4868-9f89-6100f8334a42] INFO  o.eclipse.m2e.core.internal.Bundles - 	Entry: /Applications/Eclipse.app/Contents/Eclipse/plugins/org.eclipse.m2e.maven.runtime_3.8.701.20230209-1606
2023-06-12 15:06:34,688 [Worker-40: Launching mavenrun-4ab397cf-2e27-4868-9f89-6100f8334a42] INFO  o.eclipse.m2e.core.internal.Bundles - 	Entry: /Applications/Eclipse.app/Contents/Eclipse/plugins/org.eclipse.m2e.maven.runtime_3.8.701.20230209-1606/jars/aether-connector-okhttp-0.17.8.jar
2023-06-12 15:06:34,688 [Worker-40: Launching mavenrun-4ab397cf-2e27-4868-9f89-6100f8334a42] INFO  o.eclipse.m2e.core.internal.Bundles - 	Entry: /Applications/Eclipse.app/Contents/Eclipse/plugins/org.eclipse.m2e.maven.runtime_3.8.701.20230209-1606/jars/commons-lang3-3.8.1.jar
2023-06-12 15:06:34,688 [Worker-40: Launching mavenrun-4ab397cf-2e27-4868-9f89-6100f8334a42] INFO  o.eclipse.m2e.core.internal.Bundles - 	Entry: /Applications/Eclipse.app/Contents/Eclipse/plugins/org.eclipse.m2e.maven.runtime_3.8.701.20230209-1606/jars/guice-4.2.2-no_aop.jar
2023-06-12 15:06:34,688 [Worker-40: Launching mavenrun-4ab397cf-2e27-4868-9f89-6100f8334a42] INFO  o.eclipse.m2e.core.internal.Bundles - 	Entry: /Applications/Eclipse.app/Contents/Eclipse/plugins/org.eclipse.m2e.maven.runtime_3.8.701.20230209-1606/jars/jansi-2.4.0.jar
2023-06-12 15:06:34,688 [Worker-40: Launching mavenrun-4ab397cf-2e27-4868-9f89-6100f8334a42] INFO  o.eclipse.m2e.core.internal.Bundles - 	Entry: /Applications/Eclipse.app/Contents/Eclipse/plugins/org.eclipse.m2e.maven.runtime_3.8.701.20230209-1606/jars/maven-artifact-3.8.7.jar
2023-06-12 15:06:34,688 [Worker-40: Launching mavenrun-4ab397cf-2e27-4868-9f89-6100f8334a42] INFO  o.eclipse.m2e.core.internal.Bundles - 	Entry: /Applications/Eclipse.app/Contents/Eclipse/plugins/org.eclipse.m2e.maven.runtime_3.8.701.20230209-1606/jars/maven-builder-support-3.8.7.jar
2023-06-12 15:06:34,688 [Worker-40: Launching mavenrun-4ab397cf-2e27-4868-9f89-6100f8334a42] INFO  o.eclipse.m2e.core.internal.Bundles - 	Entry: /Applications/Eclipse.app/Contents/Eclipse/plugins/org.eclipse.m2e.maven.runtime_3.8.701.20230209-1606/jars/maven-compat-3.8.7.jar
2023-06-12 15:06:34,688 [Worker-40: Launching mavenrun-4ab397cf-2e27-4868-9f89-6100f8334a42] INFO  o.eclipse.m2e.core.internal.Bundles - 	Entry: /Applications/Eclipse.app/Contents/Eclipse/plugins/org.eclipse.m2e.maven.runtime_3.8.701.20230209-1606/jars/maven-core-3.8.7.jar
2023-06-12 15:06:34,688 [Worker-40: Launching mavenrun-4ab397cf-2e27-4868-9f89-6100f8334a42] INFO  o.eclipse.m2e.core.internal.Bundles - 	Entry: /Applications/Eclipse.app/Contents/Eclipse/plugins/org.eclipse.m2e.maven.runtime_3.8.701.20230209-1606/jars/maven-embedder-3.8.7.jar
2023-06-12 15:06:34,689 [Worker-40: Launching mavenrun-4ab397cf-2e27-4868-9f89-6100f8334a42] INFO  o.eclipse.m2e.core.internal.Bundles - 	Entry: /Applications/Eclipse.app/Contents/Eclipse/plugins/org.eclipse.m2e.maven.runtime_3.8.701.20230209-1606/jars/maven-model-3.8.7.jar
2023-06-12 15:06:34,689 [Worker-40: Launching mavenrun-4ab397cf-2e27-4868-9f89-6100f8334a42] INFO  o.eclipse.m2e.core.internal.Bundles - 	Entry: /Applications/Eclipse.app/Contents/Eclipse/plugins/org.eclipse.m2e.maven.runtime_3.8.701.20230209-1606/jars/maven-model-builder-3.8.7.jar
2023-06-12 15:06:34,689 [Worker-40: Launching mavenrun-4ab397cf-2e27-4868-9f89-6100f8334a42] INFO  o.eclipse.m2e.core.internal.Bundles - 	Entry: /Applications/Eclipse.app/Contents/Eclipse/plugins/org.eclipse.m2e.maven.runtime_3.8.701.20230209-1606/jars/maven-plugin-api-3.8.7.jar
2023-06-12 15:06:34,689 [Worker-40: Launching mavenrun-4ab397cf-2e27-4868-9f89-6100f8334a42] INFO  o.eclipse.m2e.core.internal.Bundles - 	Entry: /Applications/Eclipse.app/Contents/Eclipse/plugins/org.eclipse.m2e.maven.runtime_3.8.701.20230209-1606/jars/maven-repository-metadata-3.8.7.jar
2023-06-12 15:06:34,689 [Worker-40: Launching mavenrun-4ab397cf-2e27-4868-9f89-6100f8334a42] INFO  o.eclipse.m2e.core.internal.Bundles - 	Entry: /Applications/Eclipse.app/Contents/Eclipse/plugins/org.eclipse.m2e.maven.runtime_3.8.701.20230209-1606/jars/maven-resolver-api-1.6.3.jar
2023-06-12 15:06:34,689 [Worker-40: Launching mavenrun-4ab397cf-2e27-4868-9f89-6100f8334a42] INFO  o.eclipse.m2e.core.internal.Bundles - 	Entry: /Applications/Eclipse.app/Contents/Eclipse/plugins/org.eclipse.m2e.maven.runtime_3.8.701.20230209-1606/jars/maven-resolver-connector-basic-1.6.3.jar
2023-06-12 15:06:34,689 [Worker-40: Launching mavenrun-4ab397cf-2e27-4868-9f89-6100f8334a42] INFO  o.eclipse.m2e.core.internal.Bundles - 	Entry: /Applications/Eclipse.app/Contents/Eclipse/plugins/org.eclipse.m2e.maven.runtime_3.8.701.20230209-1606/jars/maven-resolver-impl-1.6.3.jar
2023-06-12 15:06:34,689 [Worker-40: Launching mavenrun-4ab397cf-2e27-4868-9f89-6100f8334a42] INFO  o.eclipse.m2e.core.internal.Bundles - 	Entry: /Applications/Eclipse.app/Contents/Eclipse/plugins/org.eclipse.m2e.maven.runtime_3.8.701.20230209-1606/jars/maven-resolver-provider-3.8.7.jar
2023-06-12 15:06:34,689 [Worker-40: Launching mavenrun-4ab397cf-2e27-4868-9f89-6100f8334a42] INFO  o.eclipse.m2e.core.internal.Bundles - 	Entry: /Applications/Eclipse.app/Contents/Eclipse/plugins/org.eclipse.m2e.maven.runtime_3.8.701.20230209-1606/jars/maven-resolver-spi-1.6.3.jar
2023-06-12 15:06:34,689 [Worker-40: Launching mavenrun-4ab397cf-2e27-4868-9f89-6100f8334a42] INFO  o.eclipse.m2e.core.internal.Bundles - 	Entry: /Applications/Eclipse.app/Contents/Eclipse/plugins/org.eclipse.m2e.maven.runtime_3.8.701.20230209-1606/jars/maven-resolver-transport-wagon-1.6.3.jar
2023-06-12 15:06:34,689 [Worker-40: Launching mavenrun-4ab397cf-2e27-4868-9f89-6100f8334a42] INFO  o.eclipse.m2e.core.internal.Bundles - 	Entry: /Applications/Eclipse.app/Contents/Eclipse/plugins/org.eclipse.m2e.maven.runtime_3.8.701.20230209-1606/jars/maven-resolver-util-1.6.3.jar
2023-06-12 15:06:34,689 [Worker-40: Launching mavenrun-4ab397cf-2e27-4868-9f89-6100f8334a42] INFO  o.eclipse.m2e.core.internal.Bundles - 	Entry: /Applications/Eclipse.app/Contents/Eclipse/plugins/org.eclipse.m2e.maven.runtime_3.8.701.20230209-1606/jars/maven-settings-3.8.7.jar
2023-06-12 15:06:34,690 [Worker-40: Launching mavenrun-4ab397cf-2e27-4868-9f89-6100f8334a42] INFO  o.eclipse.m2e.core.internal.Bundles - 	Entry: /Applications/Eclipse.app/Contents/Eclipse/plugins/org.eclipse.m2e.maven.runtime_3.8.701.20230209-1606/jars/maven-settings-builder-3.8.7.jar
2023-06-12 15:06:34,690 [Worker-40: Launching mavenrun-4ab397cf-2e27-4868-9f89-6100f8334a42] INFO  o.eclipse.m2e.core.internal.Bundles - 	Entry: /Applications/Eclipse.app/Contents/Eclipse/plugins/org.eclipse.m2e.maven.runtime_3.8.701.20230209-1606/jars/maven-shared-utils-3.3.4.jar
2023-06-12 15:06:34,690 [Worker-40: Launching mavenrun-4ab397cf-2e27-4868-9f89-6100f8334a42] INFO  o.eclipse.m2e.core.internal.Bundles - 	Entry: /Applications/Eclipse.app/Contents/Eclipse/plugins/org.eclipse.m2e.maven.runtime_3.8.701.20230209-1606/jars/okhttp-3.14.1.jar
2023-06-12 15:06:34,690 [Worker-40: Launching mavenrun-4ab397cf-2e27-4868-9f89-6100f8334a42] INFO  o.eclipse.m2e.core.internal.Bundles - 	Entry: /Applications/Eclipse.app/Contents/Eclipse/plugins/org.eclipse.m2e.maven.runtime_3.8.701.20230209-1606/jars/okio-1.17.3.jar
2023-06-12 15:06:34,690 [Worker-40: Launching mavenrun-4ab397cf-2e27-4868-9f89-6100f8334a42] INFO  o.eclipse.m2e.core.internal.Bundles - 	Entry: /Applications/Eclipse.app/Contents/Eclipse/plugins/org.eclipse.m2e.maven.runtime_3.8.701.20230209-1606/jars/org.eclipse.sisu.inject-0.3.5.jar
2023-06-12 15:06:34,690 [Worker-40: Launching mavenrun-4ab397cf-2e27-4868-9f89-6100f8334a42] INFO  o.eclipse.m2e.core.internal.Bundles - 	Entry: /Applications/Eclipse.app/Contents/Eclipse/plugins/org.eclipse.m2e.maven.runtime_3.8.701.20230209-1606/jars/org.eclipse.sisu.plexus-0.3.5.jar
2023-06-12 15:06:34,690 [Worker-40: Launching mavenrun-4ab397cf-2e27-4868-9f89-6100f8334a42] INFO  o.eclipse.m2e.core.internal.Bundles - 	Entry: /Applications/Eclipse.app/Contents/Eclipse/plugins/org.eclipse.m2e.maven.runtime_3.8.701.20230209-1606/jars/plexus-build-api-0.0.7.jar
2023-06-12 15:06:34,690 [Worker-40: Launching mavenrun-4ab397cf-2e27-4868-9f89-6100f8334a42] INFO  o.eclipse.m2e.core.internal.Bundles - 	Entry: /Applications/Eclipse.app/Contents/Eclipse/plugins/org.eclipse.m2e.maven.runtime_3.8.701.20230209-1606/jars/plexus-cipher-2.0.jar
2023-06-12 15:06:34,690 [Worker-40: Launching mavenrun-4ab397cf-2e27-4868-9f89-6100f8334a42] INFO  o.eclipse.m2e.core.internal.Bundles - 	Entry: /Applications/Eclipse.app/Contents/Eclipse/plugins/org.eclipse.m2e.maven.runtime_3.8.701.20230209-1606/jars/plexus-classworlds-2.6.0.jar
2023-06-12 15:06:34,690 [Worker-40: Launching mavenrun-4ab397cf-2e27-4868-9f89-6100f8334a42] INFO  o.eclipse.m2e.core.internal.Bundles - 	Entry: /Applications/Eclipse.app/Contents/Eclipse/plugins/org.eclipse.m2e.maven.runtime_3.8.701.20230209-1606/jars/plexus-component-annotations-2.1.0.jar
2023-06-12 15:06:34,690 [Worker-40: Launching mavenrun-4ab397cf-2e27-4868-9f89-6100f8334a42] INFO  o.eclipse.m2e.core.internal.Bundles - 	Entry: /Applications/Eclipse.app/Contents/Eclipse/plugins/org.eclipse.m2e.maven.runtime_3.8.701.20230209-1606/jars/plexus-interpolation-1.26.jar
2023-06-12 15:06:34,690 [Worker-40: Launching mavenrun-4ab397cf-2e27-4868-9f89-6100f8334a42] INFO  o.eclipse.m2e.core.internal.Bundles - 	Entry: /Applications/Eclipse.app/Contents/Eclipse/plugins/org.eclipse.m2e.maven.runtime_3.8.701.20230209-1606/jars/plexus-sec-dispatcher-2.0.jar
2023-06-12 15:06:34,690 [Worker-40: Launching mavenrun-4ab397cf-2e27-4868-9f89-6100f8334a42] INFO  o.eclipse.m2e.core.internal.Bundles - 	Entry: /Applications/Eclipse.app/Contents/Eclipse/plugins/org.eclipse.m2e.maven.runtime_3.8.701.20230209-1606/jars/plexus-utils-3.3.1.jar
2023-06-12 15:06:34,691 [Worker-40: Launching mavenrun-4ab397cf-2e27-4868-9f89-6100f8334a42] INFO  o.eclipse.m2e.core.internal.Bundles - 	Entry: /Applications/Eclipse.app/Contents/Eclipse/plugins/org.eclipse.m2e.maven.runtime_3.8.701.20230209-1606/jars/wagon-file-3.5.3.jar
2023-06-12 15:06:34,691 [Worker-40: Launching mavenrun-4ab397cf-2e27-4868-9f89-6100f8334a42] INFO  o.eclipse.m2e.core.internal.Bundles - 	Entry: /Applications/Eclipse.app/Contents/Eclipse/plugins/org.eclipse.m2e.maven.runtime_3.8.701.20230209-1606/jars/wagon-provider-api-3.5.3.jar
2023-06-12 15:06:34,692 [Worker-40: Launching mavenrun-4ab397cf-2e27-4868-9f89-6100f8334a42] INFO  o.eclipse.m2e.core.internal.Bundles - getClasspathEntries(Bundle=com.google.guava_31.1.0.jre [11])
2023-06-12 15:06:34,694 [Worker-40: Launching mavenrun-4ab397cf-2e27-4868-9f89-6100f8334a42] INFO  o.eclipse.m2e.core.internal.Bundles - 	Entry: /Applications/Eclipse.app/Contents/Eclipse/plugins/com.google.guava_31.1.0.jre.jar
2023-06-12 15:06:34,695 [Worker-40: Launching mavenrun-4ab397cf-2e27-4868-9f89-6100f8334a42] INFO  o.eclipse.m2e.core.internal.Bundles - getClasspathEntries(Bundle=slf4j.api_1.7.36 [917])
2023-06-12 15:06:34,695 [Worker-40: Launching mavenrun-4ab397cf-2e27-4868-9f89-6100f8334a42] INFO  o.eclipse.m2e.core.internal.Bundles - 	Entry: /Applications/Eclipse.app/Contents/Eclipse/plugins/slf4j.api_1.7.36.jar
2023-06-12 15:06:34,695 [Worker-40: Launching mavenrun-4ab397cf-2e27-4868-9f89-6100f8334a42] INFO  o.eclipse.m2e.core.internal.Bundles - getClasspathEntries(Bundle=javax.inject_1.0.0.v20220405-0441 [35])
2023-06-12 15:06:34,696 [Worker-40: Launching mavenrun-4ab397cf-2e27-4868-9f89-6100f8334a42] INFO  o.eclipse.m2e.core.internal.Bundles - 	Entry: /Applications/Eclipse.app/Contents/Eclipse/plugins/javax.inject_1.0.0.v20220405-0441.jar
2023-06-12 15:06:34,697 [Worker-40: Launching mavenrun-4ab397cf-2e27-4868-9f89-6100f8334a42] INFO  o.eclipse.m2e.core.internal.Bundles - getClasspathEntries(Bundle=javax.annotation_1.3.5.v20221203-1659 [33])
2023-06-12 15:06:34,698 [Worker-40: Launching mavenrun-4ab397cf-2e27-4868-9f89-6100f8334a42] INFO  o.eclipse.m2e.core.internal.Bundles - 	Entry: /Applications/Eclipse.app/Contents/Eclipse/plugins/javax.annotation_1.3.5.v20221203-1659.jar
2023-06-12 15:06:34,698 [Worker-40: Launching mavenrun-4ab397cf-2e27-4868-9f89-6100f8334a42] INFO  o.eclipse.m2e.core.internal.Bundles - getClasspathEntries(Bundle=org.apache.commons.cli_1.4.0.v20221112-0806 [67])
2023-06-12 15:06:34,700 [Worker-40: Launching mavenrun-4ab397cf-2e27-4868-9f89-6100f8334a42] INFO  o.eclipse.m2e.core.internal.Bundles - 	Entry: /Applications/Eclipse.app/Contents/Eclipse/plugins/org.apache.commons.cli_1.4.0.v20221112-0806.jar
2023-06-12 15:06:34,700 [Worker-40: Launching mavenrun-4ab397cf-2e27-4868-9f89-6100f8334a42] INFO  o.eclipse.m2e.core.internal.Bundles - getClasspathEntries(Bundle=com.google.guava.failureaccess_1.0.1 [13])
2023-06-12 15:06:34,701 [Worker-40: Launching mavenrun-4ab397cf-2e27-4868-9f89-6100f8334a42] INFO  o.eclipse.m2e.core.internal.Bundles - 	Entry: /Applications/Eclipse.app/Contents/Eclipse/plugins/com.google.guava.failureaccess_1.0.1.jar
2023-06-12 15:06:34,704 [Worker-40: Launching mavenrun-4ab397cf-2e27-4868-9f89-6100f8334a42] INFO  o.e.m.i.launch.MavenLaunchDelegate - Run build in "/var/folders/5q/689fk8b52t944dn8_hk5q52c0000gn/T/m2e-archetypeGenerator9194358718822871262":
2023-06-12 15:06:34,704 [Worker-40: Launching mavenrun-4ab397cf-2e27-4868-9f89-6100f8334a42] INFO  o.e.m.i.launch.MavenLaunchDelegate -  mvn  -DarchetypeGroupId=org.apache.maven.archetypes -DarchetypeArtifactId=maven-archetype-quickstart -DarchetypeVersion=1.1 -DgroupId=com.sample4 -DartifactId=com.sample4 -Dversion=0.0.1-SNAPSHOT -Dpackage=com.sample4.com.sample4 -DoutputDirectory=/Users/juan/code/skillsoft/full-stack-java-developer/devops-basics/jenkins-testing-continuous-integration -Dstyle.color=always -U archetype:generate
2023-06-12 15:06:53,954 [Worker-43: Creating maven-archetype-quickstart] INFO  o.e.m.c.i.p.ProjectConfigurationManager - Collecting project info '/pom.xml' /Users/juan/code/skillsoft/full-stack-java-developer/devops-basics/jenkins-testing-continuous-integration/com.sample4/pom.xml
2023-06-12 15:06:54,492 [Worker-43: Creating maven-archetype-quickstart] INFO  o.e.m.c.i.l.LifecycleMappingFactory - Using org.eclipse.m2e.jdt.JarLifecycleMapping lifecycle mapping for MavenProject: com.sample4:com.sample4:0.0.1-SNAPSHOT @ /Users/juan/code/skillsoft/full-stack-java-developer/devops-basics/jenkins-testing-continuous-integration/com.sample4/pom.xml.
2023-06-12 15:06:54,767 [Worker-43: Creating maven-archetype-quickstart] INFO  o.e.m.j.i.AbstractJavaProjectConfigurator - Adding source folder /com.sample4/src/main/java
2023-06-12 15:06:54,770 [Worker-43: Creating maven-archetype-quickstart] INFO  o.e.m.j.i.AbstractJavaProjectConfigurator - Adding source folder /com.sample4/src/test/java
2023-06-12 15:06:54,807 [Worker-43: Creating maven-archetype-quickstart] INFO  o.e.m.c.i.p.ProjectConfigurationManager - Imported and configured 1 project(s) in 0 sec
2023-06-12 15:06:55,022 [Worker-38: Building] INFO  o.e.m.c.i.embedder.EclipseLogger - Using 'UTF-8' encoding to copy filtered resources.
2023-06-12 15:06:55,022 [Worker-38: Building] INFO  o.e.m.c.i.embedder.EclipseLogger - skip non existing resourceDirectory /Users/juan/code/skillsoft/full-stack-java-developer/devops-basics/jenkins-testing-continuous-integration/com.sample4/src/main/resources
2023-06-12 15:06:55,024 [Worker-38: Building] INFO  o.e.m.c.i.embedder.EclipseLogger - Using 'UTF-8' encoding to copy filtered resources.
2023-06-12 15:06:55,024 [Worker-38: Building] INFO  o.e.m.c.i.embedder.EclipseLogger - skip non existing resourceDirectory /Users/juan/code/skillsoft/full-stack-java-developer/devops-basics/jenkins-testing-continuous-integration/com.sample4/src/test/resources
2023-06-12 16:03:33,862 [Worker-46: Building] INFO  o.e.m.c.i.embedder.EclipseLogger - Using 'UTF-8' encoding to copy filtered resources.
2023-06-12 16:03:33,864 [Worker-46: Building] INFO  o.e.m.c.i.embedder.EclipseLogger - skip non existing resourceDirectory /Users/juan/code/skillsoft/full-stack-java-developer/devops-basics/jenkins-testing-continuous-integration/com.sample4/src/main/resources
2023-06-12 16:03:33,868 [Worker-46: Building] INFO  o.e.m.c.i.embedder.EclipseLogger - Using 'UTF-8' encoding to copy filtered resources.
2023-06-12 16:03:33,868 [Worker-46: Building] INFO  o.e.m.c.i.embedder.EclipseLogger - skip non existing resourceDirectory /Users/juan/code/skillsoft/full-stack-java-developer/devops-basics/jenkins-testing-continuous-integration/com.sample4/src/test/resources
2023-06-12 16:05:05,628 [Worker-47: Building] INFO  o.e.m.c.i.embedder.EclipseLogger - Using 'UTF-8' encoding to copy filtered resources.
2023-06-12 16:05:05,628 [Worker-47: Building] INFO  o.e.m.c.i.embedder.EclipseLogger - skip non existing resourceDirectory /Users/juan/code/skillsoft/full-stack-java-developer/devops-basics/jenkins-testing-continuous-integration/com.sample4/src/main/resources
2023-06-12 16:05:05,630 [Worker-47: Building] INFO  o.e.m.c.i.embedder.EclipseLogger - Using 'UTF-8' encoding to copy filtered resources.
2023-06-12 16:05:05,630 [Worker-47: Building] INFO  o.e.m.c.i.embedder.EclipseLogger - skip non existing resourceDirectory /Users/juan/code/skillsoft/full-stack-java-developer/devops-basics/jenkins-testing-continuous-integration/com.sample4/src/test/resources
2023-06-12 16:07:08,744 [Worker-37: Building] INFO  o.e.m.c.i.embedder.EclipseLogger - Using 'UTF-8' encoding to copy filtered resources.
2023-06-12 16:07:08,744 [Worker-37: Building] INFO  o.e.m.c.i.embedder.EclipseLogger - skip non existing resourceDirectory /Users/juan/code/skillsoft/full-stack-java-developer/devops-basics/jenkins-testing-continuous-integration/com.sample4/src/main/resources
2023-06-12 16:07:08,746 [Worker-37: Building] INFO  o.e.m.c.i.embedder.EclipseLogger - Using 'UTF-8' encoding to copy filtered resources.
2023-06-12 16:07:08,746 [Worker-37: Building] INFO  o.e.m.c.i.embedder.EclipseLogger - skip non existing resourceDirectory /Users/juan/code/skillsoft/full-stack-java-developer/devops-basics/jenkins-testing-continuous-integration/com.sample4/src/test/resources
2023-06-12 16:08:41,430 [Worker-48: Building] INFO  o.e.m.c.i.embedder.EclipseLogger - Using 'UTF-8' encoding to copy filtered resources.
2023-06-12 16:08:41,431 [Worker-48: Building] INFO  o.e.m.c.i.embedder.EclipseLogger - skip non existing resourceDirectory /Users/juan/code/skillsoft/full-stack-java-developer/devops-basics/jenkins-testing-continuous-integration/com.sample4/src/main/resources
2023-06-12 16:08:41,432 [Worker-48: Building] INFO  o.e.m.c.i.embedder.EclipseLogger - Using 'UTF-8' encoding to copy filtered resources.
2023-06-12 16:08:41,432 [Worker-48: Building] INFO  o.e.m.c.i.embedder.EclipseLogger - skip non existing resourceDirectory /Users/juan/code/skillsoft/full-stack-java-developer/devops-basics/jenkins-testing-continuous-integration/com.sample4/src/test/resources
2023-06-12 16:34:13,111 [Worker-50: Building] INFO  o.e.m.c.i.embedder.EclipseLogger - Using 'UTF-8' encoding to copy filtered resources.
2023-06-12 16:34:13,112 [Worker-50: Building] INFO  o.e.m.c.i.embedder.EclipseLogger - skip non existing resourceDirectory /Users/juan/code/skillsoft/full-stack-java-developer/devops-basics/jenkins-testing-continuous-integration/com.sample4/src/main/resources
2023-06-12 16:34:13,114 [Worker-50: Building] INFO  o.e.m.c.i.embedder.EclipseLogger - Using 'UTF-8' encoding to copy filtered resources.
2023-06-12 16:34:13,114 [Worker-50: Building] INFO  o.e.m.c.i.embedder.EclipseLogger - skip non existing resourceDirectory /Users/juan/code/skillsoft/full-stack-java-developer/devops-basics/jenkins-testing-continuous-integration/com.sample4/src/test/resources
2023-06-12 17:29:43,502 [Worker-37: Building] INFO  o.e.m.c.i.embedder.EclipseLogger - Using 'UTF-8' encoding to copy filtered resources.
2023-06-12 17:29:43,504 [Worker-37: Building] INFO  o.e.m.c.i.embedder.EclipseLogger - skip non existing resourceDirectory /Users/juan/code/skillsoft/full-stack-java-developer/devops-basics/jenkins-testing-continuous-integration/com.sample4/src/main/resources
2023-06-12 17:29:43,506 [Worker-37: Building] INFO  o.e.m.c.i.embedder.EclipseLogger - Using 'UTF-8' encoding to copy filtered resources.
2023-06-12 17:29:43,506 [Worker-37: Building] INFO  o.e.m.c.i.embedder.EclipseLogger - skip non existing resourceDirectory /Users/juan/code/skillsoft/full-stack-java-developer/devops-basics/jenkins-testing-continuous-integration/com.sample4/src/test/resources
2023-06-12 17:34:59,467 [Worker-54: Launching mavenrun-49180ed5-67aa-46b9-ab04-4ba1e92a3b16] INFO  o.e.m.i.launch.MavenLaunchDelegate - Run build in "/var/folders/5q/689fk8b52t944dn8_hk5q52c0000gn/T/m2e-archetypeGenerator8530016600034987126":
2023-06-12 17:34:59,468 [Worker-54: Launching mavenrun-49180ed5-67aa-46b9-ab04-4ba1e92a3b16] INFO  o.e.m.i.launch.MavenLaunchDelegate -  mvn  -DarchetypeGroupId=org.apache.maven.archetypes -DarchetypeArtifactId=maven-archetype-quickstart -DarchetypeVersion=1.1 -DgroupId=com.sample5 -DartifactId=com.sample5 -Dversion=0.0.1-SNAPSHOT -Dpackage=com.sample5.com.sample5 -DoutputDirectory=/Users/juan/code/skillsoft/full-stack-java-developer/devops-basics/jenkins-testing-continuous-integration -Dstyle.color=always -U archetype:generate
2023-06-12 17:35:18,756 [Worker-58: Creating maven-archetype-quickstart] INFO  o.e.m.c.i.p.ProjectConfigurationManager - Collecting project info '/pom.xml' /Users/juan/code/skillsoft/full-stack-java-developer/devops-basics/jenkins-testing-continuous-integration/com.sample5/pom.xml
2023-06-12 17:35:18,828 [Worker-58: Creating maven-archetype-quickstart] INFO  o.e.m.c.i.l.LifecycleMappingFactory - Using org.eclipse.m2e.jdt.JarLifecycleMapping lifecycle mapping for MavenProject: com.sample5:com.sample5:0.0.1-SNAPSHOT @ /Users/juan/code/skillsoft/full-stack-java-developer/devops-basics/jenkins-testing-continuous-integration/com.sample5/pom.xml.
2023-06-12 17:35:18,864 [Worker-58: Creating maven-archetype-quickstart] INFO  o.e.m.j.i.AbstractJavaProjectConfigurator - Adding source folder /com.sample5/src/main/java
2023-06-12 17:35:18,866 [Worker-58: Creating maven-archetype-quickstart] INFO  o.e.m.j.i.AbstractJavaProjectConfigurator - Adding source folder /com.sample5/src/test/java
2023-06-12 17:35:18,888 [Worker-58: Creating maven-archetype-quickstart] INFO  o.e.m.c.i.p.ProjectConfigurationManager - Imported and configured 1 project(s) in 0 sec
2023-06-12 17:35:19,054 [Worker-54: Building] INFO  o.e.m.c.i.embedder.EclipseLogger - Using 'UTF-8' encoding to copy filtered resources.
2023-06-12 17:35:19,054 [Worker-54: Building] INFO  o.e.m.c.i.embedder.EclipseLogger - skip non existing resourceDirectory /Users/juan/code/skillsoft/full-stack-java-developer/devops-basics/jenkins-testing-continuous-integration/com.sample5/src/main/resources
2023-06-12 17:35:19,057 [Worker-54: Building] INFO  o.e.m.c.i.embedder.EclipseLogger - Using 'UTF-8' encoding to copy filtered resources.
2023-06-12 17:35:19,057 [Worker-54: Building] INFO  o.e.m.c.i.embedder.EclipseLogger - skip non existing resourceDirectory /Users/juan/code/skillsoft/full-stack-java-developer/devops-basics/jenkins-testing-continuous-integration/com.sample5/src/test/resources
2023-06-12 20:22:42,456 [Worker-3: Loading available Gradle versions] INFO  o.e.b.c.i.u.g.PublishedGradleVersions - Gradle version information cache is up-to-date. Trying to read.
2023-06-12 21:09:20,485 [Worker-19: Building] INFO  o.e.m.c.i.embedder.EclipseLogger - Using 'UTF-8' encoding to copy filtered resources.
2023-06-12 21:09:20,489 [Worker-19: Building] INFO  o.e.m.c.i.embedder.EclipseLogger - skip non existing resourceDirectory /Users/juan/code/skillsoft/full-stack-java-developer/devops-basics/jenkins-testing-continuous-integration/com.sample5/src/main/resources
2023-06-12 21:09:20,492 [Worker-19: Building] INFO  o.e.m.c.i.embedder.EclipseLogger - Using 'UTF-8' encoding to copy filtered resources.
2023-06-12 21:09:20,492 [Worker-19: Building] INFO  o.e.m.c.i.embedder.EclipseLogger - skip non existing resourceDirectory /Users/juan/code/skillsoft/full-stack-java-developer/devops-basics/jenkins-testing-continuous-integration/com.sample5/src/test/resources
2023-06-12 21:10:04,018 [Worker-7: Building] INFO  o.e.m.c.i.embedder.EclipseLogger - Using 'UTF-8' encoding to copy filtered resources.
2023-06-12 21:10:04,018 [Worker-7: Building] INFO  o.e.m.c.i.embedder.EclipseLogger - skip non existing resourceDirectory /Users/juan/code/skillsoft/full-stack-java-developer/devops-basics/jenkins-testing-continuous-integration/com.sample5/src/main/resources
2023-06-12 21:10:04,020 [Worker-7: Building] INFO  o.e.m.c.i.embedder.EclipseLogger - Using 'UTF-8' encoding to copy filtered resources.
2023-06-12 21:10:04,020 [Worker-7: Building] INFO  o.e.m.c.i.embedder.EclipseLogger - skip non existing resourceDirectory /Users/juan/code/skillsoft/full-stack-java-developer/devops-basics/jenkins-testing-continuous-integration/com.sample5/src/test/resources
2023-06-12 21:29:40,457 [Worker-21: Building] INFO  o.e.m.c.i.embedder.EclipseLogger - Using 'UTF-8' encoding to copy filtered resources.
2023-06-12 21:29:40,459 [Worker-21: Building] INFO  o.e.m.c.i.embedder.EclipseLogger - skip non existing resourceDirectory /Users/juan/code/skillsoft/full-stack-java-developer/devops-basics/jenkins-testing-continuous-integration/com.sample5/src/main/resources
2023-06-12 21:29:40,462 [Worker-21: Building] INFO  o.e.m.c.i.embedder.EclipseLogger - Using 'UTF-8' encoding to copy filtered resources.
2023-06-12 21:29:40,462 [Worker-21: Building] INFO  o.e.m.c.i.embedder.EclipseLogger - skip non existing resourceDirectory /Users/juan/code/skillsoft/full-stack-java-developer/devops-basics/jenkins-testing-continuous-integration/com.sample5/src/test/resources
2023-06-12 21:30:16,344 [Worker-21: Building] INFO  o.e.m.c.i.embedder.EclipseLogger - Using 'UTF-8' encoding to copy filtered resources.
2023-06-12 21:30:16,344 [Worker-21: Building] INFO  o.e.m.c.i.embedder.EclipseLogger - skip non existing resourceDirectory /Users/juan/code/skillsoft/full-stack-java-developer/devops-basics/jenkins-testing-continuous-integration/com.sample5/src/main/resources
2023-06-12 21:30:16,346 [Worker-21: Building] INFO  o.e.m.c.i.embedder.EclipseLogger - Using 'UTF-8' encoding to copy filtered resources.
2023-06-12 21:30:16,346 [Worker-21: Building] INFO  o.e.m.c.i.embedder.EclipseLogger - skip non existing resourceDirectory /Users/juan/code/skillsoft/full-stack-java-developer/devops-basics/jenkins-testing-continuous-integration/com.sample5/src/test/resources
2023-06-12 21:42:44,474 [Worker-29: Building] INFO  o.e.m.c.i.embedder.EclipseLogger - Using 'UTF-8' encoding to copy filtered resources.
2023-06-12 21:42:44,475 [Worker-29: Building] INFO  o.e.m.c.i.embedder.EclipseLogger - skip non existing resourceDirectory /Users/juan/code/skillsoft/full-stack-java-developer/devops-basics/jenkins-testing-continuous-integration/com.sample5/src/main/resources
2023-06-12 21:42:44,477 [Worker-29: Building] INFO  o.e.m.c.i.embedder.EclipseLogger - Using 'UTF-8' encoding to copy filtered resources.
2023-06-12 21:42:44,477 [Worker-29: Building] INFO  o.e.m.c.i.embedder.EclipseLogger - skip non existing resourceDirectory /Users/juan/code/skillsoft/full-stack-java-developer/devops-basics/jenkins-testing-continuous-integration/com.sample5/src/test/resources
2023-06-12 21:56:22,459 [Worker-28: Building] INFO  o.e.m.c.i.embedder.EclipseLogger - Using 'UTF-8' encoding to copy filtered resources.
2023-06-12 21:56:22,461 [Worker-28: Building] INFO  o.e.m.c.i.embedder.EclipseLogger - skip non existing resourceDirectory /Users/juan/code/skillsoft/full-stack-java-developer/devops-basics/jenkins-testing-continuous-integration/com.sample5/src/main/resources
2023-06-12 21:56:22,465 [Worker-28: Building] INFO  o.e.m.c.i.embedder.EclipseLogger - Using 'UTF-8' encoding to copy filtered resources.
2023-06-12 21:56:22,466 [Worker-28: Building] INFO  o.e.m.c.i.embedder.EclipseLogger - skip non existing resourceDirectory /Users/juan/code/skillsoft/full-stack-java-developer/devops-basics/jenkins-testing-continuous-integration/com.sample5/src/test/resources
2023-06-12 21:56:45,899 [Worker-29: Building] INFO  o.e.m.c.i.embedder.EclipseLogger - Using 'UTF-8' encoding to copy filtered resources.
2023-06-12 21:56:45,899 [Worker-29: Building] INFO  o.e.m.c.i.embedder.EclipseLogger - skip non existing resourceDirectory /Users/juan/code/skillsoft/full-stack-java-developer/devops-basics/jenkins-testing-continuous-integration/com.sample5/src/main/resources
2023-06-12 21:56:45,902 [Worker-29: Building] INFO  o.e.m.c.i.embedder.EclipseLogger - Using 'UTF-8' encoding to copy filtered resources.
2023-06-12 21:56:45,902 [Worker-29: Building] INFO  o.e.m.c.i.embedder.EclipseLogger - skip non existing resourceDirectory /Users/juan/code/skillsoft/full-stack-java-developer/devops-basics/jenkins-testing-continuous-integration/com.sample5/src/test/resources
2023-06-13 08:22:06,904 [Worker-1: Loading available Gradle versions] INFO  o.e.b.c.i.u.g.PublishedGradleVersions - Gradle version information cache is up-to-date. Trying to read.
2023-06-13 09:21:57,483 [Worker-13: Building] INFO  o.e.m.c.i.embedder.EclipseLogger - Using 'UTF-8' encoding to copy filtered resources.
2023-06-13 09:21:57,487 [Worker-13: Building] INFO  o.e.m.c.i.embedder.EclipseLogger - skip non existing resourceDirectory /Users/juan/code/skillsoft/full-stack-java-developer/devops-basics/jenkins-testing-continuous-integration/com.sample5/src/main/resources
2023-06-13 09:21:57,490 [Worker-13: Building] INFO  o.e.m.c.i.embedder.EclipseLogger - Using 'UTF-8' encoding to copy filtered resources.
2023-06-13 09:21:57,490 [Worker-13: Building] INFO  o.e.m.c.i.embedder.EclipseLogger - skip non existing resourceDirectory /Users/juan/code/skillsoft/full-stack-java-developer/devops-basics/jenkins-testing-continuous-integration/com.sample5/src/test/resources
2023-06-13 09:22:17,288 [Worker-14: Building] INFO  o.e.m.c.i.embedder.EclipseLogger - Using 'UTF-8' encoding to copy filtered resources.
2023-06-13 09:22:17,288 [Worker-14: Building] INFO  o.e.m.c.i.embedder.EclipseLogger - skip non existing resourceDirectory /Users/juan/code/skillsoft/full-stack-java-developer/devops-basics/jenkins-testing-continuous-integration/com.sample5/src/main/resources
2023-06-13 09:22:17,291 [Worker-14: Building] INFO  o.e.m.c.i.embedder.EclipseLogger - Using 'UTF-8' encoding to copy filtered resources.
2023-06-13 09:22:17,291 [Worker-14: Building] INFO  o.e.m.c.i.embedder.EclipseLogger - skip non existing resourceDirectory /Users/juan/code/skillsoft/full-stack-java-developer/devops-basics/jenkins-testing-continuous-integration/com.sample5/src/test/resources
2023-06-13 09:39:00,285 [Worker-14: Launching mavenrun-1435a33a-3b0c-4009-9c73-d430d34a47dd] INFO  o.eclipse.m2e.core.internal.Bundles - getClasspathEntries(Bundle=org.eclipse.m2e.maven.runtime_3.8.701.20230209-1606 [604])
2023-06-13 09:39:00,293 [Worker-14: Launching mavenrun-1435a33a-3b0c-4009-9c73-d430d34a47dd] INFO  o.eclipse.m2e.core.internal.Bundles - 	Entry: /Applications/Eclipse.app/Contents/Eclipse/plugins/org.eclipse.m2e.maven.runtime_3.8.701.20230209-1606
2023-06-13 09:39:00,293 [Worker-14: Launching mavenrun-1435a33a-3b0c-4009-9c73-d430d34a47dd] INFO  o.eclipse.m2e.core.internal.Bundles - 	Entry: /Applications/Eclipse.app/Contents/Eclipse/plugins/org.eclipse.m2e.maven.runtime_3.8.701.20230209-1606/jars/aether-connector-okhttp-0.17.8.jar
2023-06-13 09:39:00,293 [Worker-14: Launching mavenrun-1435a33a-3b0c-4009-9c73-d430d34a47dd] INFO  o.eclipse.m2e.core.internal.Bundles - 	Entry: /Applications/Eclipse.app/Contents/Eclipse/plugins/org.eclipse.m2e.maven.runtime_3.8.701.20230209-1606/jars/commons-lang3-3.8.1.jar
2023-06-13 09:39:00,293 [Worker-14: Launching mavenrun-1435a33a-3b0c-4009-9c73-d430d34a47dd] INFO  o.eclipse.m2e.core.internal.Bundles - 	Entry: /Applications/Eclipse.app/Contents/Eclipse/plugins/org.eclipse.m2e.maven.runtime_3.8.701.20230209-1606/jars/guice-4.2.2-no_aop.jar
2023-06-13 09:39:00,293 [Worker-14: Launching mavenrun-1435a33a-3b0c-4009-9c73-d430d34a47dd] INFO  o.eclipse.m2e.core.internal.Bundles - 	Entry: /Applications/Eclipse.app/Contents/Eclipse/plugins/org.eclipse.m2e.maven.runtime_3.8.701.20230209-1606/jars/jansi-2.4.0.jar
2023-06-13 09:39:00,293 [Worker-14: Launching mavenrun-1435a33a-3b0c-4009-9c73-d430d34a47dd] INFO  o.eclipse.m2e.core.internal.Bundles - 	Entry: /Applications/Eclipse.app/Contents/Eclipse/plugins/org.eclipse.m2e.maven.runtime_3.8.701.20230209-1606/jars/maven-artifact-3.8.7.jar
2023-06-13 09:39:00,293 [Worker-14: Launching mavenrun-1435a33a-3b0c-4009-9c73-d430d34a47dd] INFO  o.eclipse.m2e.core.internal.Bundles - 	Entry: /Applications/Eclipse.app/Contents/Eclipse/plugins/org.eclipse.m2e.maven.runtime_3.8.701.20230209-1606/jars/maven-builder-support-3.8.7.jar
2023-06-13 09:39:00,293 [Worker-14: Launching mavenrun-1435a33a-3b0c-4009-9c73-d430d34a47dd] INFO  o.eclipse.m2e.core.internal.Bundles - 	Entry: /Applications/Eclipse.app/Contents/Eclipse/plugins/org.eclipse.m2e.maven.runtime_3.8.701.20230209-1606/jars/maven-compat-3.8.7.jar
2023-06-13 09:39:00,294 [Worker-14: Launching mavenrun-1435a33a-3b0c-4009-9c73-d430d34a47dd] INFO  o.eclipse.m2e.core.internal.Bundles - 	Entry: /Applications/Eclipse.app/Contents/Eclipse/plugins/org.eclipse.m2e.maven.runtime_3.8.701.20230209-1606/jars/maven-core-3.8.7.jar
2023-06-13 09:39:00,294 [Worker-14: Launching mavenrun-1435a33a-3b0c-4009-9c73-d430d34a47dd] INFO  o.eclipse.m2e.core.internal.Bundles - 	Entry: /Applications/Eclipse.app/Contents/Eclipse/plugins/org.eclipse.m2e.maven.runtime_3.8.701.20230209-1606/jars/maven-embedder-3.8.7.jar
2023-06-13 09:39:00,294 [Worker-14: Launching mavenrun-1435a33a-3b0c-4009-9c73-d430d34a47dd] INFO  o.eclipse.m2e.core.internal.Bundles - 	Entry: /Applications/Eclipse.app/Contents/Eclipse/plugins/org.eclipse.m2e.maven.runtime_3.8.701.20230209-1606/jars/maven-model-3.8.7.jar
2023-06-13 09:39:00,294 [Worker-14: Launching mavenrun-1435a33a-3b0c-4009-9c73-d430d34a47dd] INFO  o.eclipse.m2e.core.internal.Bundles - 	Entry: /Applications/Eclipse.app/Contents/Eclipse/plugins/org.eclipse.m2e.maven.runtime_3.8.701.20230209-1606/jars/maven-model-builder-3.8.7.jar
2023-06-13 09:39:00,294 [Worker-14: Launching mavenrun-1435a33a-3b0c-4009-9c73-d430d34a47dd] INFO  o.eclipse.m2e.core.internal.Bundles - 	Entry: /Applications/Eclipse.app/Contents/Eclipse/plugins/org.eclipse.m2e.maven.runtime_3.8.701.20230209-1606/jars/maven-plugin-api-3.8.7.jar
2023-06-13 09:39:00,294 [Worker-14: Launching mavenrun-1435a33a-3b0c-4009-9c73-d430d34a47dd] INFO  o.eclipse.m2e.core.internal.Bundles - 	Entry: /Applications/Eclipse.app/Contents/Eclipse/plugins/org.eclipse.m2e.maven.runtime_3.8.701.20230209-1606/jars/maven-repository-metadata-3.8.7.jar
2023-06-13 09:39:00,294 [Worker-14: Launching mavenrun-1435a33a-3b0c-4009-9c73-d430d34a47dd] INFO  o.eclipse.m2e.core.internal.Bundles - 	Entry: /Applications/Eclipse.app/Contents/Eclipse/plugins/org.eclipse.m2e.maven.runtime_3.8.701.20230209-1606/jars/maven-resolver-api-1.6.3.jar
2023-06-13 09:39:00,294 [Worker-14: Launching mavenrun-1435a33a-3b0c-4009-9c73-d430d34a47dd] INFO  o.eclipse.m2e.core.internal.Bundles - 	Entry: /Applications/Eclipse.app/Contents/Eclipse/plugins/org.eclipse.m2e.maven.runtime_3.8.701.20230209-1606/jars/maven-resolver-connector-basic-1.6.3.jar
2023-06-13 09:39:00,294 [Worker-14: Launching mavenrun-1435a33a-3b0c-4009-9c73-d430d34a47dd] INFO  o.eclipse.m2e.core.internal.Bundles - 	Entry: /Applications/Eclipse.app/Contents/Eclipse/plugins/org.eclipse.m2e.maven.runtime_3.8.701.20230209-1606/jars/maven-resolver-impl-1.6.3.jar
2023-06-13 09:39:00,294 [Worker-14: Launching mavenrun-1435a33a-3b0c-4009-9c73-d430d34a47dd] INFO  o.eclipse.m2e.core.internal.Bundles - 	Entry: /Applications/Eclipse.app/Contents/Eclipse/plugins/org.eclipse.m2e.maven.runtime_3.8.701.20230209-1606/jars/maven-resolver-provider-3.8.7.jar
2023-06-13 09:39:00,294 [Worker-14: Launching mavenrun-1435a33a-3b0c-4009-9c73-d430d34a47dd] INFO  o.eclipse.m2e.core.internal.Bundles - 	Entry: /Applications/Eclipse.app/Contents/Eclipse/plugins/org.eclipse.m2e.maven.runtime_3.8.701.20230209-1606/jars/maven-resolver-spi-1.6.3.jar
2023-06-13 09:39:00,295 [Worker-14: Launching mavenrun-1435a33a-3b0c-4009-9c73-d430d34a47dd] INFO  o.eclipse.m2e.core.internal.Bundles - 	Entry: /Applications/Eclipse.app/Contents/Eclipse/plugins/org.eclipse.m2e.maven.runtime_3.8.701.20230209-1606/jars/maven-resolver-transport-wagon-1.6.3.jar
2023-06-13 09:39:00,295 [Worker-14: Launching mavenrun-1435a33a-3b0c-4009-9c73-d430d34a47dd] INFO  o.eclipse.m2e.core.internal.Bundles - 	Entry: /Applications/Eclipse.app/Contents/Eclipse/plugins/org.eclipse.m2e.maven.runtime_3.8.701.20230209-1606/jars/maven-resolver-util-1.6.3.jar
2023-06-13 09:39:00,295 [Worker-14: Launching mavenrun-1435a33a-3b0c-4009-9c73-d430d34a47dd] INFO  o.eclipse.m2e.core.internal.Bundles - 	Entry: /Applications/Eclipse.app/Contents/Eclipse/plugins/org.eclipse.m2e.maven.runtime_3.8.701.20230209-1606/jars/maven-settings-3.8.7.jar
2023-06-13 09:39:00,295 [Worker-14: Launching mavenrun-1435a33a-3b0c-4009-9c73-d430d34a47dd] INFO  o.eclipse.m2e.core.internal.Bundles - 	Entry: /Applications/Eclipse.app/Contents/Eclipse/plugins/org.eclipse.m2e.maven.runtime_3.8.701.20230209-1606/jars/maven-settings-builder-3.8.7.jar
2023-06-13 09:39:00,295 [Worker-14: Launching mavenrun-1435a33a-3b0c-4009-9c73-d430d34a47dd] INFO  o.eclipse.m2e.core.internal.Bundles - 	Entry: /Applications/Eclipse.app/Contents/Eclipse/plugins/org.eclipse.m2e.maven.runtime_3.8.701.20230209-1606/jars/maven-shared-utils-3.3.4.jar
2023-06-13 09:39:00,295 [Worker-14: Launching mavenrun-1435a33a-3b0c-4009-9c73-d430d34a47dd] INFO  o.eclipse.m2e.core.internal.Bundles - 	Entry: /Applications/Eclipse.app/Contents/Eclipse/plugins/org.eclipse.m2e.maven.runtime_3.8.701.20230209-1606/jars/okhttp-3.14.1.jar
2023-06-13 09:39:00,295 [Worker-14: Launching mavenrun-1435a33a-3b0c-4009-9c73-d430d34a47dd] INFO  o.eclipse.m2e.core.internal.Bundles - 	Entry: /Applications/Eclipse.app/Contents/Eclipse/plugins/org.eclipse.m2e.maven.runtime_3.8.701.20230209-1606/jars/okio-1.17.3.jar
2023-06-13 09:39:00,295 [Worker-14: Launching mavenrun-1435a33a-3b0c-4009-9c73-d430d34a47dd] INFO  o.eclipse.m2e.core.internal.Bundles - 	Entry: /Applications/Eclipse.app/Contents/Eclipse/plugins/org.eclipse.m2e.maven.runtime_3.8.701.20230209-1606/jars/org.eclipse.sisu.inject-0.3.5.jar
2023-06-13 09:39:00,295 [Worker-14: Launching mavenrun-1435a33a-3b0c-4009-9c73-d430d34a47dd] INFO  o.eclipse.m2e.core.internal.Bundles - 	Entry: /Applications/Eclipse.app/Contents/Eclipse/plugins/org.eclipse.m2e.maven.runtime_3.8.701.20230209-1606/jars/org.eclipse.sisu.plexus-0.3.5.jar
2023-06-13 09:39:00,295 [Worker-14: Launching mavenrun-1435a33a-3b0c-4009-9c73-d430d34a47dd] INFO  o.eclipse.m2e.core.internal.Bundles - 	Entry: /Applications/Eclipse.app/Contents/Eclipse/plugins/org.eclipse.m2e.maven.runtime_3.8.701.20230209-1606/jars/plexus-build-api-0.0.7.jar
2023-06-13 09:39:00,295 [Worker-14: Launching mavenrun-1435a33a-3b0c-4009-9c73-d430d34a47dd] INFO  o.eclipse.m2e.core.internal.Bundles - 	Entry: /Applications/Eclipse.app/Contents/Eclipse/plugins/org.eclipse.m2e.maven.runtime_3.8.701.20230209-1606/jars/plexus-cipher-2.0.jar
2023-06-13 09:39:00,295 [Worker-14: Launching mavenrun-1435a33a-3b0c-4009-9c73-d430d34a47dd] INFO  o.eclipse.m2e.core.internal.Bundles - 	Entry: /Applications/Eclipse.app/Contents/Eclipse/plugins/org.eclipse.m2e.maven.runtime_3.8.701.20230209-1606/jars/plexus-classworlds-2.6.0.jar
2023-06-13 09:39:00,296 [Worker-14: Launching mavenrun-1435a33a-3b0c-4009-9c73-d430d34a47dd] INFO  o.eclipse.m2e.core.internal.Bundles - 	Entry: /Applications/Eclipse.app/Contents/Eclipse/plugins/org.eclipse.m2e.maven.runtime_3.8.701.20230209-1606/jars/plexus-component-annotations-2.1.0.jar
2023-06-13 09:39:00,296 [Worker-14: Launching mavenrun-1435a33a-3b0c-4009-9c73-d430d34a47dd] INFO  o.eclipse.m2e.core.internal.Bundles - 	Entry: /Applications/Eclipse.app/Contents/Eclipse/plugins/org.eclipse.m2e.maven.runtime_3.8.701.20230209-1606/jars/plexus-interpolation-1.26.jar
2023-06-13 09:39:00,296 [Worker-14: Launching mavenrun-1435a33a-3b0c-4009-9c73-d430d34a47dd] INFO  o.eclipse.m2e.core.internal.Bundles - 	Entry: /Applications/Eclipse.app/Contents/Eclipse/plugins/org.eclipse.m2e.maven.runtime_3.8.701.20230209-1606/jars/plexus-sec-dispatcher-2.0.jar
2023-06-13 09:39:00,296 [Worker-14: Launching mavenrun-1435a33a-3b0c-4009-9c73-d430d34a47dd] INFO  o.eclipse.m2e.core.internal.Bundles - 	Entry: /Applications/Eclipse.app/Contents/Eclipse/plugins/org.eclipse.m2e.maven.runtime_3.8.701.20230209-1606/jars/plexus-utils-3.3.1.jar
2023-06-13 09:39:00,296 [Worker-14: Launching mavenrun-1435a33a-3b0c-4009-9c73-d430d34a47dd] INFO  o.eclipse.m2e.core.internal.Bundles - 	Entry: /Applications/Eclipse.app/Contents/Eclipse/plugins/org.eclipse.m2e.maven.runtime_3.8.701.20230209-1606/jars/wagon-file-3.5.3.jar
2023-06-13 09:39:00,296 [Worker-14: Launching mavenrun-1435a33a-3b0c-4009-9c73-d430d34a47dd] INFO  o.eclipse.m2e.core.internal.Bundles - 	Entry: /Applications/Eclipse.app/Contents/Eclipse/plugins/org.eclipse.m2e.maven.runtime_3.8.701.20230209-1606/jars/wagon-provider-api-3.5.3.jar
2023-06-13 09:39:00,297 [Worker-14: Launching mavenrun-1435a33a-3b0c-4009-9c73-d430d34a47dd] INFO  o.eclipse.m2e.core.internal.Bundles - getClasspathEntries(Bundle=com.google.guava_31.1.0.jre [11])
2023-06-13 09:39:00,298 [Worker-14: Launching mavenrun-1435a33a-3b0c-4009-9c73-d430d34a47dd] INFO  o.eclipse.m2e.core.internal.Bundles - 	Entry: /Applications/Eclipse.app/Contents/Eclipse/plugins/com.google.guava_31.1.0.jre.jar
2023-06-13 09:39:00,298 [Worker-14: Launching mavenrun-1435a33a-3b0c-4009-9c73-d430d34a47dd] INFO  o.eclipse.m2e.core.internal.Bundles - getClasspathEntries(Bundle=slf4j.api_1.7.36 [917])
2023-06-13 09:39:00,298 [Worker-14: Launching mavenrun-1435a33a-3b0c-4009-9c73-d430d34a47dd] INFO  o.eclipse.m2e.core.internal.Bundles - 	Entry: /Applications/Eclipse.app/Contents/Eclipse/plugins/slf4j.api_1.7.36.jar
2023-06-13 09:39:00,298 [Worker-14: Launching mavenrun-1435a33a-3b0c-4009-9c73-d430d34a47dd] INFO  o.eclipse.m2e.core.internal.Bundles - getClasspathEntries(Bundle=javax.inject_1.0.0.v20220405-0441 [35])
2023-06-13 09:39:00,301 [Worker-14: Launching mavenrun-1435a33a-3b0c-4009-9c73-d430d34a47dd] INFO  o.eclipse.m2e.core.internal.Bundles - 	Entry: /Applications/Eclipse.app/Contents/Eclipse/plugins/javax.inject_1.0.0.v20220405-0441.jar
2023-06-13 09:39:00,302 [Worker-14: Launching mavenrun-1435a33a-3b0c-4009-9c73-d430d34a47dd] INFO  o.eclipse.m2e.core.internal.Bundles - getClasspathEntries(Bundle=javax.annotation_1.3.5.v20221203-1659 [33])
2023-06-13 09:39:00,303 [Worker-14: Launching mavenrun-1435a33a-3b0c-4009-9c73-d430d34a47dd] INFO  o.eclipse.m2e.core.internal.Bundles - 	Entry: /Applications/Eclipse.app/Contents/Eclipse/plugins/javax.annotation_1.3.5.v20221203-1659.jar
2023-06-13 09:39:00,303 [Worker-14: Launching mavenrun-1435a33a-3b0c-4009-9c73-d430d34a47dd] INFO  o.eclipse.m2e.core.internal.Bundles - getClasspathEntries(Bundle=org.apache.commons.cli_1.4.0.v20221112-0806 [67])
2023-06-13 09:39:00,304 [Worker-14: Launching mavenrun-1435a33a-3b0c-4009-9c73-d430d34a47dd] INFO  o.eclipse.m2e.core.internal.Bundles - 	Entry: /Applications/Eclipse.app/Contents/Eclipse/plugins/org.apache.commons.cli_1.4.0.v20221112-0806.jar
2023-06-13 09:39:00,304 [Worker-14: Launching mavenrun-1435a33a-3b0c-4009-9c73-d430d34a47dd] INFO  o.eclipse.m2e.core.internal.Bundles - getClasspathEntries(Bundle=com.google.guava.failureaccess_1.0.1 [13])
2023-06-13 09:39:00,305 [Worker-14: Launching mavenrun-1435a33a-3b0c-4009-9c73-d430d34a47dd] INFO  o.eclipse.m2e.core.internal.Bundles - 	Entry: /Applications/Eclipse.app/Contents/Eclipse/plugins/com.google.guava.failureaccess_1.0.1.jar
2023-06-13 09:39:00,309 [Worker-14: Launching mavenrun-1435a33a-3b0c-4009-9c73-d430d34a47dd] INFO  o.e.m.i.launch.MavenLaunchDelegate - Run build in "/var/folders/5q/689fk8b52t944dn8_hk5q52c0000gn/T/m2e-archetypeGenerator469624537367913512":
2023-06-13 09:39:00,313 [Worker-14: Launching mavenrun-1435a33a-3b0c-4009-9c73-d430d34a47dd] INFO  o.e.m.i.launch.MavenLaunchDelegate -  mvn  -DarchetypeGroupId=org.apache.maven.archetypes -DarchetypeArtifactId=maven-archetype-quickstart -DarchetypeVersion=1.1 -DgroupId=Testbug2 -DartifactId=com.testbug -Dversion=0.0.1-SNAPSHOT -Dpackage=Testbug2.com.testbug -DoutputDirectory=/Users/juan/code/skillsoft/full-stack-java-developer/devops-basics/jenkins-testing-continuous-integration -Dstyle.color=always -U archetype:generate
2023-06-13 09:39:25,191 [Worker-15: Creating maven-archetype-quickstart] INFO  o.e.m.c.i.p.ProjectConfigurationManager - Collecting project info '/pom.xml' /Users/juan/code/skillsoft/full-stack-java-developer/devops-basics/jenkins-testing-continuous-integration/com.testbug/pom.xml
2023-06-13 09:39:25,630 [Worker-15: Creating maven-archetype-quickstart] INFO  o.e.m.c.i.l.LifecycleMappingFactory - Using org.eclipse.m2e.jdt.JarLifecycleMapping lifecycle mapping for MavenProject: Testbug2:com.testbug:0.0.1-SNAPSHOT @ /Users/juan/code/skillsoft/full-stack-java-developer/devops-basics/jenkins-testing-continuous-integration/com.testbug/pom.xml.
2023-06-13 09:39:25,868 [Worker-15: Creating maven-archetype-quickstart] INFO  o.e.m.j.i.AbstractJavaProjectConfigurator - Adding source folder /com.testbug/src/main/java
2023-06-13 09:39:25,870 [Worker-15: Creating maven-archetype-quickstart] INFO  o.e.m.j.i.AbstractJavaProjectConfigurator - Adding source folder /com.testbug/src/test/java
2023-06-13 09:39:25,962 [Worker-15: Creating maven-archetype-quickstart] INFO  o.e.m.c.i.p.ProjectConfigurationManager - Imported and configured 1 project(s) in 0 sec
2023-06-13 09:39:26,139 [Worker-17: Building] INFO  o.e.m.c.i.embedder.EclipseLogger - Using 'UTF-8' encoding to copy filtered resources.
2023-06-13 09:39:26,139 [Worker-17: Building] INFO  o.e.m.c.i.embedder.EclipseLogger - skip non existing resourceDirectory /Users/juan/code/skillsoft/full-stack-java-developer/devops-basics/jenkins-testing-continuous-integration/com.testbug/src/main/resources
2023-06-13 09:39:26,141 [Worker-17: Building] INFO  o.e.m.c.i.embedder.EclipseLogger - Using 'UTF-8' encoding to copy filtered resources.
2023-06-13 09:39:26,141 [Worker-17: Building] INFO  o.e.m.c.i.embedder.EclipseLogger - skip non existing resourceDirectory /Users/juan/code/skillsoft/full-stack-java-developer/devops-basics/jenkins-testing-continuous-integration/com.testbug/src/test/resources
2023-06-13 09:40:20,696 [Worker-15: Building] INFO  o.e.m.c.i.embedder.EclipseLogger - Using 'UTF-8' encoding to copy filtered resources.
2023-06-13 09:40:20,696 [Worker-15: Building] INFO  o.e.m.c.i.embedder.EclipseLogger - skip non existing resourceDirectory /Users/juan/code/skillsoft/full-stack-java-developer/devops-basics/jenkins-testing-continuous-integration/com.testbug/src/main/resources
2023-06-13 09:40:20,698 [Worker-15: Building] INFO  o.e.m.c.i.embedder.EclipseLogger - Using 'UTF-8' encoding to copy filtered resources.
2023-06-13 09:40:20,698 [Worker-15: Building] INFO  o.e.m.c.i.embedder.EclipseLogger - skip non existing resourceDirectory /Users/juan/code/skillsoft/full-stack-java-developer/devops-basics/jenkins-testing-continuous-integration/com.testbug/src/test/resources
2023-06-13 09:55:07,083 [Worker-22: Building] INFO  o.e.m.c.i.embedder.EclipseLogger - Using 'UTF-8' encoding to copy filtered resources.
2023-06-13 09:55:07,084 [Worker-22: Building] INFO  o.e.m.c.i.embedder.EclipseLogger - skip non existing resourceDirectory /Users/juan/code/skillsoft/full-stack-java-developer/devops-basics/jenkins-testing-continuous-integration/com.testbug/src/main/resources
2023-06-13 09:55:07,086 [Worker-22: Building] INFO  o.e.m.c.i.embedder.EclipseLogger - Using 'UTF-8' encoding to copy filtered resources.
2023-06-13 09:55:07,086 [Worker-22: Building] INFO  o.e.m.c.i.embedder.EclipseLogger - skip non existing resourceDirectory /Users/juan/code/skillsoft/full-stack-java-developer/devops-basics/jenkins-testing-continuous-integration/com.testbug/src/test/resources
2023-06-13 10:37:01,700 [Worker-23: Launching mavenrun-a56d85a6-765a-41d6-bdc8-932390939c44] INFO  o.e.m.i.launch.MavenLaunchDelegate - Run build in "/var/folders/5q/689fk8b52t944dn8_hk5q52c0000gn/T/m2e-archetypeGenerator16886722571623349178":
2023-06-13 10:37:01,703 [Worker-23: Launching mavenrun-a56d85a6-765a-41d6-bdc8-932390939c44] INFO  o.e.m.i.launch.MavenLaunchDelegate -  mvn  -DarchetypeGroupId=org.apache.maven.archetypes -DarchetypeArtifactId=maven-archetype-quickstart -DarchetypeVersion=1.1 -DgroupId=com.sample -DartifactId=com.sample -Dversion=0.0.1-SNAPSHOT -Dpackage=com.sample.com.sample -DoutputDirectory=/Users/juan/code/skillsoft/full-stack-java-developer/devops-basics/jenkins-testing-continuous-integration -Dstyle.color=always -U archetype:generate
2023-06-13 10:37:20,243 [Worker-22: Creating maven-archetype-quickstart] INFO  o.e.m.c.i.p.ProjectConfigurationManager - Collecting project info '/pom.xml' /Users/juan/code/skillsoft/full-stack-java-developer/devops-basics/jenkins-testing-continuous-integration/com.sample/pom.xml
2023-06-13 10:37:20,324 [Worker-22: Creating maven-archetype-quickstart] INFO  o.e.m.c.i.l.LifecycleMappingFactory - Using org.eclipse.m2e.jdt.JarLifecycleMapping lifecycle mapping for MavenProject: com.sample:com.sample:0.0.1-SNAPSHOT @ /Users/juan/code/skillsoft/full-stack-java-developer/devops-basics/jenkins-testing-continuous-integration/com.sample/pom.xml.
2023-06-13 10:37:20,371 [Worker-22: Creating maven-archetype-quickstart] INFO  o.e.m.j.i.AbstractJavaProjectConfigurator - Adding source folder /com.sample/src/main/java
2023-06-13 10:37:20,373 [Worker-22: Creating maven-archetype-quickstart] INFO  o.e.m.j.i.AbstractJavaProjectConfigurator - Adding source folder /com.sample/src/test/java
2023-06-13 10:37:20,397 [Worker-22: Creating maven-archetype-quickstart] INFO  o.e.m.c.i.p.ProjectConfigurationManager - Imported and configured 1 project(s) in 0 sec
2023-06-13 10:37:20,570 [Worker-26: Building] INFO  o.e.m.c.i.embedder.EclipseLogger - Using 'UTF-8' encoding to copy filtered resources.
2023-06-13 10:37:20,570 [Worker-26: Building] INFO  o.e.m.c.i.embedder.EclipseLogger - skip non existing resourceDirectory /Users/juan/code/skillsoft/full-stack-java-developer/devops-basics/jenkins-testing-continuous-integration/com.sample/src/main/resources
2023-06-13 10:37:20,571 [Worker-26: Building] INFO  o.e.m.c.i.embedder.EclipseLogger - Using 'UTF-8' encoding to copy filtered resources.
2023-06-13 10:37:20,572 [Worker-26: Building] INFO  o.e.m.c.i.embedder.EclipseLogger - skip non existing resourceDirectory /Users/juan/code/skillsoft/full-stack-java-developer/devops-basics/jenkins-testing-continuous-integration/com.sample/src/test/resources
2023-06-13 10:40:50,279 [Worker-29: Building] INFO  o.e.m.c.i.embedder.EclipseLogger - Using 'UTF-8' encoding to copy filtered resources.
2023-06-13 10:40:50,279 [Worker-29: Building] INFO  o.e.m.c.i.embedder.EclipseLogger - skip non existing resourceDirectory /Users/juan/code/skillsoft/full-stack-java-developer/devops-basics/jenkins-testing-continuous-integration/com.sample/src/main/resources
2023-06-13 10:40:50,284 [Worker-29: Building] INFO  o.e.m.c.i.embedder.EclipseLogger - Using 'UTF-8' encoding to copy filtered resources.
2023-06-13 10:40:50,286 [Worker-29: Building] INFO  o.e.m.c.i.embedder.EclipseLogger - skip non existing resourceDirectory /Users/juan/code/skillsoft/full-stack-java-developer/devops-basics/jenkins-testing-continuous-integration/com.sample/src/test/resources
2023-06-13 10:46:32,180 [Worker-25: Building] INFO  o.e.m.c.i.l.LifecycleMappingFactory - Using org.eclipse.m2e.jdt.JarLifecycleMapping lifecycle mapping for MavenProject: com.sample:com.sample:0.0.1-SNAPSHOT @ /Users/juan/code/skillsoft/full-stack-java-developer/devops-basics/jenkins-testing-continuous-integration/com.sample/pom.xml.
2023-06-13 10:46:32,230 [Worker-25: Building] INFO  o.e.m.c.i.embedder.EclipseLogger - Using 'UTF-8' encoding to copy filtered resources.
2023-06-13 10:46:32,231 [Worker-25: Building] INFO  o.e.m.c.i.embedder.EclipseLogger - skip non existing resourceDirectory /Users/juan/code/skillsoft/full-stack-java-developer/devops-basics/jenkins-testing-continuous-integration/com.sample/src/main/resources
2023-06-13 10:46:32,233 [Worker-25: Building] INFO  o.e.m.c.i.embedder.EclipseLogger - Using 'UTF-8' encoding to copy filtered resources.
2023-06-13 10:46:32,233 [Worker-25: Building] INFO  o.e.m.c.i.embedder.EclipseLogger - skip non existing resourceDirectory /Users/juan/code/skillsoft/full-stack-java-developer/devops-basics/jenkins-testing-continuous-integration/com.sample/src/test/resources
2023-06-13 10:50:21,936 [main] INFO  o.e.m2e.actions.ExecutePomAction - Creating new launch configuration
2023-06-13 10:54:42,326 [Worker-33: Launching com.sample] INFO  o.e.m.i.launch.MavenLaunchDelegate - Run build in "/Users/juan/code/skillsoft/full-stack-java-developer/devops-basics/jenkins-testing-continuous-integration/com.sample":
2023-06-13 10:54:42,328 [Worker-33: Launching com.sample] INFO  o.e.m.i.launch.MavenLaunchDelegate -  mvn  -B -Dstyle.color=always site
2023-06-13 10:57:14,526 [main] INFO  o.e.m2e.actions.ExecutePomAction - Using existing launch configuration
2023-06-13 10:57:14,580 [Worker-36: Launching com.sample] INFO  o.e.m.i.launch.MavenLaunchDelegate - Run build in "/Users/juan/code/skillsoft/full-stack-java-developer/devops-basics/jenkins-testing-continuous-integration/com.sample":
2023-06-13 10:57:14,580 [Worker-36: Launching com.sample] INFO  o.e.m.i.launch.MavenLaunchDelegate -  mvn  -B -Dstyle.color=always site
2023-06-13 11:00:47,142 [main] INFO  o.e.m2e.actions.ExecutePomAction - Using existing launch configuration
2023-06-13 11:00:47,197 [Worker-43: Launching com.sample] INFO  o.e.m.i.launch.MavenLaunchDelegate - Run build in "/Users/juan/code/skillsoft/full-stack-java-developer/devops-basics/jenkins-testing-continuous-integration/com.sample":
2023-06-13 11:00:47,197 [Worker-43: Launching com.sample] INFO  o.e.m.i.launch.MavenLaunchDelegate -  mvn  -B -Dstyle.color=always site
2023-06-13 11:01:19,907 [Worker-42: Updating Maven Project] INFO  o.e.m.c.i.p.ProjectConfigurationManager - Update started
2023-06-13 11:01:19,939 [Worker-42: Updating Maven Project] INFO  o.e.m.c.i.l.LifecycleMappingFactory - Using org.eclipse.m2e.jdt.JarLifecycleMapping lifecycle mapping for MavenProject: com.sample:com.sample:0.0.1-SNAPSHOT @ /Users/juan/code/skillsoft/full-stack-java-developer/devops-basics/jenkins-testing-continuous-integration/com.sample/pom.xml.
2023-06-13 11:01:20,007 [Worker-42: Updating Maven Project] INFO  o.e.m.j.i.AbstractJavaProjectConfigurator - Adding source folder /com.sample/src/main/java
2023-06-13 11:01:20,008 [Worker-42: Updating Maven Project] INFO  o.e.m.j.i.AbstractJavaProjectConfigurator - Adding source folder /com.sample/src/test/java
2023-06-13 11:01:20,074 [Worker-42: Updating Maven Project] INFO  o.e.m.c.i.p.ProjectConfigurationManager - Update completed for 1 poms: local refresh takes 0.00 sec, refresh facades takes 0.00 sec, update config takes 0.00 sec 
2023-06-13 11:01:20,200 [Worker-44: Building] INFO  o.e.m.c.i.embedder.EclipseLogger - Using 'UTF-8' encoding to copy filtered resources.
2023-06-13 11:01:20,200 [Worker-44: Building] INFO  o.e.m.c.i.embedder.EclipseLogger - skip non existing resourceDirectory /Users/juan/code/skillsoft/full-stack-java-developer/devops-basics/jenkins-testing-continuous-integration/com.sample/src/main/resources
2023-06-13 11:01:20,201 [Worker-44: Building] INFO  o.e.m.c.i.embedder.EclipseLogger - Using 'UTF-8' encoding to copy filtered resources.
2023-06-13 11:01:20,201 [Worker-44: Building] INFO  o.e.m.c.i.embedder.EclipseLogger - skip non existing resourceDirectory /Users/juan/code/skillsoft/full-stack-java-developer/devops-basics/jenkins-testing-continuous-integration/com.sample/src/test/resources
2023-06-13 11:02:21,839 [Worker-43: Building] INFO  o.e.m.c.i.embedder.EclipseLogger - Using 'UTF-8' encoding to copy filtered resources.
2023-06-13 11:02:21,839 [Worker-43: Building] INFO  o.e.m.c.i.embedder.EclipseLogger - skip non existing resourceDirectory /Users/juan/code/skillsoft/full-stack-java-developer/devops-basics/jenkins-testing-continuous-integration/com.sample/src/main/resources
2023-06-13 11:02:21,841 [Worker-43: Building] INFO  o.e.m.c.i.embedder.EclipseLogger - Using 'UTF-8' encoding to copy filtered resources.
2023-06-13 11:02:21,841 [Worker-43: Building] INFO  o.e.m.c.i.embedder.EclipseLogger - skip non existing resourceDirectory /Users/juan/code/skillsoft/full-stack-java-developer/devops-basics/jenkins-testing-continuous-integration/com.sample/src/test/resources
2023-06-13 11:02:28,365 [main] INFO  o.e.m2e.actions.ExecutePomAction - Using existing launch configuration
2023-06-13 11:02:28,422 [Worker-44: Launching com.sample] INFO  o.e.m.i.launch.MavenLaunchDelegate - Run build in "/Users/juan/code/skillsoft/full-stack-java-developer/devops-basics/jenkins-testing-continuous-integration/com.sample":
2023-06-13 11:02:28,422 [Worker-44: Launching com.sample] INFO  o.e.m.i.launch.MavenLaunchDelegate -  mvn  -B -Dstyle.color=always site
2023-06-13 11:03:14,031 [Worker-44: Building] INFO  o.e.m.c.i.l.LifecycleMappingFactory - Using org.eclipse.m2e.jdt.JarLifecycleMapping lifecycle mapping for MavenProject: com.sample:com.sample:0.0.1-SNAPSHOT @ /Users/juan/code/skillsoft/full-stack-java-developer/devops-basics/jenkins-testing-continuous-integration/com.sample/pom.xml.
2023-06-13 11:03:14,050 [Worker-44: Building] INFO  o.e.m.c.i.embedder.EclipseLogger - Using 'UTF-8' encoding to copy filtered resources.
2023-06-13 11:03:14,050 [Worker-44: Building] INFO  o.e.m.c.i.embedder.EclipseLogger - skip non existing resourceDirectory /Users/juan/code/skillsoft/full-stack-java-developer/devops-basics/jenkins-testing-continuous-integration/com.sample/src/main/resources
2023-06-13 11:03:14,052 [Worker-44: Building] INFO  o.e.m.c.i.embedder.EclipseLogger - Using 'UTF-8' encoding to copy filtered resources.
2023-06-13 11:03:14,052 [Worker-44: Building] INFO  o.e.m.c.i.embedder.EclipseLogger - skip non existing resourceDirectory /Users/juan/code/skillsoft/full-stack-java-developer/devops-basics/jenkins-testing-continuous-integration/com.sample/src/test/resources
2023-06-13 11:03:27,975 [Worker-43: Updating Maven Project] INFO  o.e.m.c.i.p.ProjectConfigurationManager - Update started
2023-06-13 11:03:28,003 [Worker-43: Updating Maven Project] INFO  o.e.m.c.i.l.LifecycleMappingFactory - Using org.eclipse.m2e.jdt.JarLifecycleMapping lifecycle mapping for MavenProject: com.sample:com.sample:0.0.1-SNAPSHOT @ /Users/juan/code/skillsoft/full-stack-java-developer/devops-basics/jenkins-testing-continuous-integration/com.sample/pom.xml.
2023-06-13 11:03:28,030 [Worker-43: Updating Maven Project] INFO  o.e.m.j.i.AbstractJavaProjectConfigurator - Adding source folder /com.sample/src/main/java
2023-06-13 11:03:28,030 [Worker-43: Updating Maven Project] INFO  o.e.m.j.i.AbstractJavaProjectConfigurator - Adding source folder /com.sample/src/test/java
2023-06-13 11:03:28,100 [Worker-43: Updating Maven Project] INFO  o.e.m.c.i.p.ProjectConfigurationManager - Update completed for 1 poms: local refresh takes 0.00 sec, refresh facades takes 0.00 sec, update config takes 0.00 sec 
2023-06-13 11:03:28,255 [Worker-45: Building] INFO  o.e.m.c.i.embedder.EclipseLogger - Using 'UTF-8' encoding to copy filtered resources.
2023-06-13 11:03:28,255 [Worker-45: Building] INFO  o.e.m.c.i.embedder.EclipseLogger - skip non existing resourceDirectory /Users/juan/code/skillsoft/full-stack-java-developer/devops-basics/jenkins-testing-continuous-integration/com.sample/src/main/resources
2023-06-13 11:03:28,256 [Worker-45: Building] INFO  o.e.m.c.i.embedder.EclipseLogger - Using 'UTF-8' encoding to copy filtered resources.
2023-06-13 11:03:28,256 [Worker-45: Building] INFO  o.e.m.c.i.embedder.EclipseLogger - skip non existing resourceDirectory /Users/juan/code/skillsoft/full-stack-java-developer/devops-basics/jenkins-testing-continuous-integration/com.sample/src/test/resources
2023-06-13 11:03:53,541 [Worker-43: Building] INFO  o.e.m.c.i.embedder.EclipseLogger - Using 'UTF-8' encoding to copy filtered resources.
2023-06-13 11:03:53,541 [Worker-43: Building] INFO  o.e.m.c.i.embedder.EclipseLogger - skip non existing resourceDirectory /Users/juan/code/skillsoft/full-stack-java-developer/devops-basics/jenkins-testing-continuous-integration/com.sample/src/main/resources
2023-06-13 11:03:53,543 [Worker-43: Building] INFO  o.e.m.c.i.embedder.EclipseLogger - Using 'UTF-8' encoding to copy filtered resources.
2023-06-13 11:03:53,544 [Worker-43: Building] INFO  o.e.m.c.i.embedder.EclipseLogger - skip non existing resourceDirectory /Users/juan/code/skillsoft/full-stack-java-developer/devops-basics/jenkins-testing-continuous-integration/com.sample/src/test/resources
2023-06-13 11:03:58,624 [main] INFO  o.e.m2e.actions.ExecutePomAction - Using existing launch configuration
2023-06-13 11:03:58,676 [Worker-43: Launching com.sample] INFO  o.e.m.i.launch.MavenLaunchDelegate - Run build in "/Users/juan/code/skillsoft/full-stack-java-developer/devops-basics/jenkins-testing-continuous-integration/com.sample":
2023-06-13 11:03:58,677 [Worker-43: Launching com.sample] INFO  o.e.m.i.launch.MavenLaunchDelegate -  mvn  -B -Dstyle.color=always site
2023-06-13 11:44:49,570 [Worker-43: Launching mavenrun-3f7de7f8-6fc9-4be8-b643-cfe8e27e4703] INFO  o.e.m.i.launch.MavenLaunchDelegate - Run build in "/var/folders/5q/689fk8b52t944dn8_hk5q52c0000gn/T/m2e-archetypeGenerator5920577361406125476":
2023-06-13 11:44:49,572 [Worker-43: Launching mavenrun-3f7de7f8-6fc9-4be8-b643-cfe8e27e4703] INFO  o.e.m.i.launch.MavenLaunchDelegate -  mvn  -DarchetypeGroupId=org.apache.maven.archetypes -DarchetypeArtifactId=maven-archetype-quickstart -DarchetypeVersion=1.1 -DgroupId=Exercise3 -DartifactId=com.exercise3 -Dversion=0.0.1-SNAPSHOT -Dpackage=Exercise3.com.exercise3 -DoutputDirectory=/Users/juan/code/skillsoft/full-stack-java-developer/devops-basics/jenkins-testing-continuous-integration -Dstyle.color=always -U archetype:generate
2023-06-13 11:45:07,840 [Worker-46: Creating maven-archetype-quickstart] INFO  o.e.m.c.i.p.ProjectConfigurationManager - Collecting project info '/pom.xml' /Users/juan/code/skillsoft/full-stack-java-developer/devops-basics/jenkins-testing-continuous-integration/com.exercise3/pom.xml
2023-06-13 11:45:07,914 [Worker-46: Creating maven-archetype-quickstart] INFO  o.e.m.c.i.l.LifecycleMappingFactory - Using org.eclipse.m2e.jdt.JarLifecycleMapping lifecycle mapping for MavenProject: Exercise3:com.exercise3:0.0.1-SNAPSHOT @ /Users/juan/code/skillsoft/full-stack-java-developer/devops-basics/jenkins-testing-continuous-integration/com.exercise3/pom.xml.
2023-06-13 11:45:07,944 [Worker-46: Creating maven-archetype-quickstart] INFO  o.e.m.j.i.AbstractJavaProjectConfigurator - Adding source folder /com.exercise3/src/main/java
2023-06-13 11:45:07,946 [Worker-46: Creating maven-archetype-quickstart] INFO  o.e.m.j.i.AbstractJavaProjectConfigurator - Adding source folder /com.exercise3/src/test/java
2023-06-13 11:45:07,981 [Worker-46: Creating maven-archetype-quickstart] INFO  o.e.m.c.i.p.ProjectConfigurationManager - Imported and configured 1 project(s) in 0 sec
2023-06-13 11:45:08,153 [Worker-46: Building] INFO  o.e.m.c.i.embedder.EclipseLogger - Using 'UTF-8' encoding to copy filtered resources.
2023-06-13 11:45:08,153 [Worker-46: Building] INFO  o.e.m.c.i.embedder.EclipseLogger - skip non existing resourceDirectory /Users/juan/code/skillsoft/full-stack-java-developer/devops-basics/jenkins-testing-continuous-integration/com.exercise3/src/main/resources
2023-06-13 11:45:08,155 [Worker-46: Building] INFO  o.e.m.c.i.embedder.EclipseLogger - Using 'UTF-8' encoding to copy filtered resources.
2023-06-13 11:45:08,155 [Worker-46: Building] INFO  o.e.m.c.i.embedder.EclipseLogger - skip non existing resourceDirectory /Users/juan/code/skillsoft/full-stack-java-developer/devops-basics/jenkins-testing-continuous-integration/com.exercise3/src/test/resources
